{"/home/travis/build/npmtest/node-npmtest-lightbox2/test.js":{"path":"/home/travis/build/npmtest/node-npmtest-lightbox2/test.js","s":{"1":2,"2":2,"3":2,"4":2,"5":2,"6":2,"7":2,"8":1,"9":2,"10":2,"11":1,"12":1,"13":1,"14":1,"15":2,"16":2,"17":2,"18":2,"19":1,"20":1,"21":2,"22":2,"23":2,"24":1,"25":1,"26":1,"27":1,"28":1,"29":1,"30":1,"31":1,"32":1,"33":1,"34":1,"35":1,"36":1,"37":1,"38":1,"39":2,"40":2,"41":1,"42":2,"43":2,"44":1,"45":2,"46":2,"47":1,"48":2,"49":2,"50":1,"51":1,"52":1,"53":1,"54":1},"b":{"1":[2,1,1,1],"2":[1,1,1,1],"3":[1,1],"4":[1,1],"5":[1,1],"6":[1,1],"7":[1,1],"8":[1,1],"9":[1,1],"10":[1,1,1],"11":[1,1],"12":[1,1],"13":[1,1],"14":[1,1],"15":[1,1],"16":[1,1],"17":[1,1]},"f":{"1":2,"2":2,"3":2,"4":2,"5":2,"6":1,"7":1,"8":1,"9":2,"10":2,"11":2,"12":2,"13":1},"fnMap":{"1":{"name":"(anonymous_1)","line":12,"loc":{"start":{"line":12,"column":1},"end":{"line":12,"column":13}}},"2":{"name":"(anonymous_2)","line":19,"loc":{"start":{"line":19,"column":5},"end":{"line":19,"column":17}}},"3":{"name":"(anonymous_3)","line":23,"loc":{"start":{"line":23,"column":24},"end":{"line":23,"column":36}}},"4":{"name":"(anonymous_4)","line":61,"loc":{"start":{"line":61,"column":5},"end":{"line":61,"column":17}}},"5":{"name":"(anonymous_5)","line":82,"loc":{"start":{"line":82,"column":5},"end":{"line":82,"column":17}}},"6":{"name":"(anonymous_6)","line":91,"loc":{"start":{"line":91,"column":77},"end":{"line":94,"column":10}}},"7":{"name":"(anonymous_7)","line":112,"loc":{"start":{"line":112,"column":83},"end":{"line":115,"column":10}},"skip":true},"8":{"name":"(anonymous_8)","line":123,"loc":{"start":{"line":123,"column":77},"end":{"line":126,"column":10}},"skip":true},"9":{"name":"(anonymous_9)","line":139,"loc":{"start":{"line":139,"column":12},"end":{"line":139,"column":40}},"skip":true},"10":{"name":"(anonymous_10)","line":147,"loc":{"start":{"line":147,"column":77},"end":{"line":150,"column":10}},"skip":true},"11":{"name":"(anonymous_11)","line":158,"loc":{"start":{"line":158,"column":83},"end":{"line":161,"column":10}},"skip":true},"12":{"name":"(anonymous_12)","line":169,"loc":{"start":{"line":169,"column":79},"end":{"line":172,"column":10}},"skip":true},"13":{"name":"(anonymous_13)","line":180,"loc":{"start":{"line":180,"column":75},"end":{"line":183,"column":10}},"skip":true}},"statementMap":{"1":{"start":{"line":12,"column":0},"end":{"line":195,"column":5}},"2":{"start":{"line":14,"column":4},"end":{"line":14,"column":14}},"3":{"start":{"line":19,"column":4},"end":{"line":56,"column":9}},"4":{"start":{"line":21,"column":8},"end":{"line":21,"column":19}},"5":{"start":{"line":23,"column":8},"end":{"line":35,"column":13}},"6":{"start":{"line":24,"column":12},"end":{"line":34,"column":13}},"7":{"start":{"line":25,"column":16},"end":{"line":28,"column":30}},"8":{"start":{"line":30,"column":16},"end":{"line":33,"column":27}},"9":{"start":{"line":37,"column":8},"end":{"line":39,"column":21}},"10":{"start":{"line":40,"column":8},"end":{"line":53,"column":9}},"11":{"start":{"line":43,"column":12},"end":{"line":46,"column":14}},"12":{"start":{"line":47,"column":12},"end":{"line":47,"column":18}},"13":{"start":{"line":50,"column":12},"end":{"line":51,"column":33}},"14":{"start":{"line":52,"column":12},"end":{"line":52,"column":18}},"15":{"start":{"line":55,"column":8},"end":{"line":55,"column":35}},"16":{"start":{"line":61,"column":4},"end":{"line":63,"column":9}},"17":{"start":{"line":62,"column":8},"end":{"line":62,"column":15}},"18":{"start":{"line":64,"column":4},"end":{"line":77,"column":5}},"19":{"start":{"line":70,"column":8},"end":{"line":70,"column":14}},"20":{"start":{"line":76,"column":8},"end":{"line":76,"column":14}},"21":{"start":{"line":82,"column":4},"end":{"line":84,"column":9}},"22":{"start":{"line":83,"column":8},"end":{"line":83,"column":15}},"23":{"start":{"line":85,"column":4},"end":{"line":194,"column":5}},"24":{"start":{"line":91,"column":8},"end":{"line":99,"column":10}},"25":{"start":{"line":98,"column":12},"end":{"line":98,"column":35}},"26":{"start":{"line":102,"column":8},"end":{"line":104,"column":63}},"27":{"start":{"line":105,"column":8},"end":{"line":105,"column":14}},"28":{"start":{"line":112,"column":8},"end":{"line":121,"column":10},"skip":true},"29":{"start":{"line":119,"column":12},"end":{"line":119,"column":55},"skip":true},"30":{"start":{"line":120,"column":12},"end":{"line":120,"column":48},"skip":true},"31":{"start":{"line":123,"column":8},"end":{"line":136,"column":10},"skip":true},"32":{"start":{"line":130,"column":12},"end":{"line":130,"column":76},"skip":true},"33":{"start":{"line":131,"column":12},"end":{"line":131,"column":73},"skip":true},"34":{"start":{"line":132,"column":12},"end":{"line":132,"column":74},"skip":true},"35":{"start":{"line":133,"column":12},"end":{"line":133,"column":79},"skip":true},"36":{"start":{"line":134,"column":12},"end":{"line":134,"column":25},"skip":true},"37":{"start":{"line":135,"column":12},"end":{"line":135,"column":45},"skip":true},"38":{"start":{"line":138,"column":8},"end":{"line":145,"column":14},"skip":true},"39":{"start":{"line":143,"column":16},"end":{"line":143,"column":29},"skip":true},"40":{"start":{"line":144,"column":16},"end":{"line":144,"column":55},"skip":true},"41":{"start":{"line":147,"column":8},"end":{"line":156,"column":10},"skip":true},"42":{"start":{"line":154,"column":12},"end":{"line":154,"column":25},"skip":true},"43":{"start":{"line":155,"column":12},"end":{"line":155,"column":45},"skip":true},"44":{"start":{"line":158,"column":8},"end":{"line":167,"column":10},"skip":true},"45":{"start":{"line":165,"column":12},"end":{"line":165,"column":25},"skip":true},"46":{"start":{"line":166,"column":12},"end":{"line":166,"column":48},"skip":true},"47":{"start":{"line":169,"column":8},"end":{"line":178,"column":10},"skip":true},"48":{"start":{"line":176,"column":12},"end":{"line":176,"column":25},"skip":true},"49":{"start":{"line":177,"column":12},"end":{"line":177,"column":46},"skip":true},"50":{"start":{"line":180,"column":8},"end":{"line":189,"column":10},"skip":true},"51":{"start":{"line":187,"column":12},"end":{"line":187,"column":94},"skip":true},"52":{"start":{"line":188,"column":12},"end":{"line":188,"column":48},"skip":true},"53":{"start":{"line":192,"column":8},"end":{"line":192,"column":35},"skip":true},"54":{"start":{"line":193,"column":8},"end":{"line":193,"column":14},"skip":true}},"branchMap":{"1":{"line":25,"type":"binary-expr","locations":[{"start":{"line":25,"column":23},"end":{"line":25,"column":62}},{"start":{"line":26,"column":20},"end":{"line":26,"column":70}},{"start":{"line":27,"column":20},"end":{"line":27,"column":71}},{"start":{"line":28,"column":20},"end":{"line":28,"column":29}}]},"2":{"line":30,"type":"binary-expr","locations":[{"start":{"line":30,"column":23},"end":{"line":30,"column":37}},{"start":{"line":31,"column":20},"end":{"line":31,"column":61}},{"start":{"line":32,"column":20},"end":{"line":32,"column":70}},{"start":{"line":33,"column":20},"end":{"line":33,"column":26}}]},"3":{"line":37,"type":"cond-expr","locations":[{"start":{"line":38,"column":14},"end":{"line":38,"column":20}},{"start":{"line":39,"column":14},"end":{"line":39,"column":20}}]},"4":{"line":40,"type":"switch","locations":[{"start":{"line":42,"column":8},"end":{"line":47,"column":18}},{"start":{"line":49,"column":8},"end":{"line":52,"column":18}}]},"5":{"line":44,"type":"binary-expr","locations":[{"start":{"line":44,"column":16},"end":{"line":44,"column":44}},{"start":{"line":44,"column":48},"end":{"line":44,"column":66}}]},"6":{"line":50,"type":"binary-expr","locations":[{"start":{"line":50,"column":21},"end":{"line":50,"column":49}},{"start":{"line":50,"column":53},"end":{"line":50,"column":72}}]},"7":{"line":64,"type":"switch","locations":[{"start":{"line":69,"column":4},"end":{"line":70,"column":14}},{"start":{"line":75,"column":4},"end":{"line":76,"column":14}}]},"8":{"line":85,"type":"switch","locations":[{"start":{"line":90,"column":4},"end":{"line":105,"column":14}},{"start":{"line":111,"column":4},"end":{"line":193,"column":14},"skip":true}]},"9":{"line":91,"type":"binary-expr","locations":[{"start":{"line":91,"column":42},"end":{"line":91,"column":73}},{"start":{"line":91,"column":77},"end":{"line":99,"column":9}}]},"10":{"line":102,"type":"binary-expr","locations":[{"start":{"line":102,"column":18},"end":{"line":102,"column":32}},{"start":{"line":103,"column":12},"end":{"line":103,"column":53}},{"start":{"line":104,"column":12},"end":{"line":104,"column":61}}]},"11":{"line":112,"type":"binary-expr","locations":[{"start":{"line":112,"column":45},"end":{"line":112,"column":79},"skip":true},{"start":{"line":112,"column":83},"end":{"line":121,"column":9},"skip":true}]},"12":{"line":123,"type":"binary-expr","locations":[{"start":{"line":123,"column":42},"end":{"line":123,"column":73},"skip":true},{"start":{"line":123,"column":77},"end":{"line":136,"column":9},"skip":true}]},"13":{"line":138,"type":"binary-expr","locations":[{"start":{"line":138,"column":48},"end":{"line":138,"column":85},"skip":true},{"start":{"line":139,"column":12},"end":{"line":145,"column":13},"skip":true}]},"14":{"line":147,"type":"binary-expr","locations":[{"start":{"line":147,"column":42},"end":{"line":147,"column":73},"skip":true},{"start":{"line":147,"column":77},"end":{"line":156,"column":9},"skip":true}]},"15":{"line":158,"type":"binary-expr","locations":[{"start":{"line":158,"column":45},"end":{"line":158,"column":79},"skip":true},{"start":{"line":158,"column":83},"end":{"line":167,"column":9},"skip":true}]},"16":{"line":169,"type":"binary-expr","locations":[{"start":{"line":169,"column":43},"end":{"line":169,"column":75},"skip":true},{"start":{"line":169,"column":79},"end":{"line":178,"column":9},"skip":true}]},"17":{"line":180,"type":"binary-expr","locations":[{"start":{"line":180,"column":41},"end":{"line":180,"column":71},"skip":true},{"start":{"line":180,"column":75},"end":{"line":189,"column":9},"skip":true}]}},"code":["/* istanbul instrument in package npmtest_lightbox2 */","/*jslint","    bitwise: true,","    browser: true,","    maxerr: 8,","    maxlen: 96,","    node: true,","    nomen: true,","    regexp: true,","    stupid: true","*/","(function () {","    'use strict';","    var local;","","","","    // run shared js-env code - init-before","    (function () {","        // init local","        local = {};","        // init modeJs","        local.modeJs = (function () {","            try {","                return typeof navigator.userAgent === 'string' &&","                    typeof document.querySelector('body') === 'object' &&","                    typeof XMLHttpRequest.prototype.open === 'function' &&","                    'browser';","            } catch (errorCaughtBrowser) {","                return module.exports &&","                    typeof process.versions.node === 'string' &&","                    typeof require('http').createServer === 'function' &&","                    'node';","            }","        }());","        // init global","        local.global = local.modeJs === 'browser'","            ? window","            : global;","        switch (local.modeJs) {","        // re-init local from window.local","        case 'browser':","            local = local.global.utility2.objectSetDefault(","                local.global.utility2_rollup || local.global.local,","                local.global.utility2","            );","            break;","        // re-init local from example.js","        case 'node':","            local = (local.global.utility2_rollup || require('utility2'))","                .requireReadme();","            break;","        }","        // export local","        local.global.local = local;","    }());","","","","    // run shared js-env code - function","    (function () {","        return;","    }());","    switch (local.modeJs) {","","","","    // run browser js-env code - function","    case 'browser':","        break;","","","","    // run node js-env code - function","    case 'node':","        break;","    }","","","","    // run shared js-env code - init-after","    (function () {","        return;","    }());","    switch (local.modeJs) {","","","","    // run browser js-env code - init-after","    case 'browser':","        local.testCase_browser_nullCase = local.testCase_browser_nullCase || function (","            options,","            onError","        ) {","        /*","         * this function will test browsers's null-case handling-behavior-behavior","         */","            onError(null, options);","        };","","        // run tests","        local.nop(local.modeTest &&","            document.querySelector('#testRunButton1') &&","            document.querySelector('#testRunButton1').click());","        break;","","","","    // run node js-env code - init-after","    /* istanbul ignore next */","    case 'node':","        local.testCase_buildApidoc_default = local.testCase_buildApidoc_default || function (","            options,","            onError","        ) {","        /*","         * this function will test buildApidoc's default handling-behavior-behavior","         */","            options = { modulePathList: module.paths };","            local.buildApidoc(options, onError);","        };","","        local.testCase_buildApp_default = local.testCase_buildApp_default || function (","            options,","            onError","        ) {","        /*","         * this function will test buildApp's default handling-behavior-behavior","         */","            local.testCase_buildReadme_default(options, local.onErrorThrow);","            local.testCase_buildLib_default(options, local.onErrorThrow);","            local.testCase_buildTest_default(options, local.onErrorThrow);","            local.testCase_buildCustomOrg_default(options, local.onErrorThrow);","            options = [];","            local.buildApp(options, onError);","        };","","        local.testCase_buildCustomOrg_default = local.testCase_buildCustomOrg_default ||","            function (options, onError) {","            /*","             * this function will test buildCustomOrg's default handling-behavior","             */","                options = {};","                local.buildCustomOrg(options, onError);","            };","","        local.testCase_buildLib_default = local.testCase_buildLib_default || function (","            options,","            onError","        ) {","        /*","         * this function will test buildLib's default handling-behavior","         */","            options = {};","            local.buildLib(options, onError);","        };","","        local.testCase_buildReadme_default = local.testCase_buildReadme_default || function (","            options,","            onError","        ) {","        /*","         * this function will test buildReadme's default handling-behavior-behavior","         */","            options = {};","            local.buildReadme(options, onError);","        };","","        local.testCase_buildTest_default = local.testCase_buildTest_default || function (","            options,","            onError","        ) {","        /*","         * this function will test buildTest's default handling-behavior","         */","            options = {};","            local.buildTest(options, onError);","        };","","        local.testCase_webpage_default = local.testCase_webpage_default || function (","            options,","            onError","        ) {","        /*","         * this function will test webpage's default handling-behavior","         */","            options = { modeCoverageMerge: true, url: local.serverLocalHost + '?modeTest=1' };","            local.browserTest(options, onError);","        };","","        // run test-server","        local.testRunServer(local);","        break;","    }","}());",""],"l":{"12":2,"14":2,"19":2,"21":2,"23":2,"24":2,"25":2,"30":1,"37":2,"40":2,"43":1,"47":1,"50":1,"52":1,"55":2,"61":2,"62":2,"64":2,"70":1,"76":1,"82":2,"83":2,"85":2,"91":1,"98":1,"102":1,"105":1,"112":1,"119":1,"120":1,"123":1,"130":1,"131":1,"132":1,"133":1,"134":1,"135":1,"138":1,"143":2,"144":2,"147":1,"154":2,"155":2,"158":1,"165":2,"166":2,"169":1,"176":2,"177":2,"180":1,"187":1,"188":1,"192":1,"193":1}},"/home/travis/build/npmtest/node-npmtest-lightbox2/lib.npmtest_lightbox2.js":{"path":"/home/travis/build/npmtest/node-npmtest-lightbox2/lib.npmtest_lightbox2.js","s":{"1":2,"2":2,"3":2,"4":2,"5":2,"6":2,"7":2,"8":1,"9":2,"10":2,"11":2,"12":2,"13":1,"14":1,"15":1,"16":1},"b":{"1":[2,1,1,1],"2":[1,1,1,1],"3":[1,1],"4":[2,2],"5":[1,1]},"f":{"1":2,"2":2,"3":2},"fnMap":{"1":{"name":"(anonymous_1)","line":12,"loc":{"start":{"line":12,"column":1},"end":{"line":12,"column":13}}},"2":{"name":"(anonymous_2)","line":19,"loc":{"start":{"line":19,"column":5},"end":{"line":19,"column":17}}},"3":{"name":"(anonymous_3)","line":23,"loc":{"start":{"line":23,"column":24},"end":{"line":23,"column":36}}}},"statementMap":{"1":{"start":{"line":12,"column":0},"end":{"line":53,"column":5}},"2":{"start":{"line":14,"column":4},"end":{"line":14,"column":14}},"3":{"start":{"line":19,"column":4},"end":{"line":52,"column":9}},"4":{"start":{"line":21,"column":8},"end":{"line":21,"column":19}},"5":{"start":{"line":23,"column":8},"end":{"line":35,"column":13}},"6":{"start":{"line":24,"column":12},"end":{"line":34,"column":13}},"7":{"start":{"line":25,"column":16},"end":{"line":28,"column":30}},"8":{"start":{"line":30,"column":16},"end":{"line":33,"column":27}},"9":{"start":{"line":37,"column":8},"end":{"line":39,"column":21}},"10":{"start":{"line":41,"column":8},"end":{"line":41,"column":54}},"11":{"start":{"line":43,"column":8},"end":{"line":43,"column":54}},"12":{"start":{"line":45,"column":8},"end":{"line":51,"column":9}},"13":{"start":{"line":46,"column":12},"end":{"line":46,"column":60}},"14":{"start":{"line":48,"column":12},"end":{"line":48,"column":35}},"15":{"start":{"line":49,"column":12},"end":{"line":49,"column":49}},"16":{"start":{"line":50,"column":12},"end":{"line":50,"column":43}}},"branchMap":{"1":{"line":25,"type":"binary-expr","locations":[{"start":{"line":25,"column":23},"end":{"line":25,"column":62}},{"start":{"line":26,"column":20},"end":{"line":26,"column":70}},{"start":{"line":27,"column":20},"end":{"line":27,"column":71}},{"start":{"line":28,"column":20},"end":{"line":28,"column":29}}]},"2":{"line":30,"type":"binary-expr","locations":[{"start":{"line":30,"column":23},"end":{"line":30,"column":37}},{"start":{"line":31,"column":20},"end":{"line":31,"column":61}},{"start":{"line":32,"column":20},"end":{"line":32,"column":70}},{"start":{"line":33,"column":20},"end":{"line":33,"column":26}}]},"3":{"line":37,"type":"cond-expr","locations":[{"start":{"line":38,"column":14},"end":{"line":38,"column":20}},{"start":{"line":39,"column":14},"end":{"line":39,"column":20}}]},"4":{"line":41,"type":"binary-expr","locations":[{"start":{"line":41,"column":16},"end":{"line":41,"column":44}},{"start":{"line":41,"column":48},"end":{"line":41,"column":53}}]},"5":{"line":45,"type":"if","locations":[{"start":{"line":45,"column":8},"end":{"line":45,"column":8}},{"start":{"line":45,"column":8},"end":{"line":45,"column":8}}]}},"code":["/* istanbul instrument in package npmtest_lightbox2 */","/*jslint","    bitwise: true,","    browser: true,","    maxerr: 8,","    maxlen: 96,","    node: true,","    nomen: true,","    regexp: true,","    stupid: true","*/","(function () {","    'use strict';","    var local;","","","","    // run shared js-env code - init-before","    (function () {","        // init local","        local = {};","        // init modeJs","        local.modeJs = (function () {","            try {","                return typeof navigator.userAgent === 'string' &&","                    typeof document.querySelector('body') === 'object' &&","                    typeof XMLHttpRequest.prototype.open === 'function' &&","                    'browser';","            } catch (errorCaughtBrowser) {","                return module.exports &&","                    typeof process.versions.node === 'string' &&","                    typeof require('http').createServer === 'function' &&","                    'node';","            }","        }());","        // init global","        local.global = local.modeJs === 'browser'","            ? window","            : global;","        // init utility2_rollup","        local = local.global.utility2_rollup || local;","        // init lib","        local.local = local.npmtest_lightbox2 = local;","        // init exports","        if (local.modeJs === 'browser') {","            local.global.utility2_npmtest_lightbox2 = local;","        } else {","            module.exports = local;","            module.exports.__dirname = __dirname;","            module.exports.module = module;","        }","    }());","}());",""],"l":{"12":2,"14":2,"19":2,"21":2,"23":2,"24":2,"25":2,"30":1,"37":2,"41":2,"43":2,"45":2,"46":1,"48":1,"49":1,"50":1}},"/home/travis/build/npmtest/node-npmtest-lightbox2/example.js":{"path":"/home/travis/build/npmtest/node-npmtest-lightbox2/example.js","s":{"1":2,"2":2,"3":2,"4":2,"5":2,"6":2,"7":2,"8":1,"9":2,"10":2,"11":2,"12":2,"13":1,"14":2,"15":2,"16":2,"17":2,"18":2,"19":0,"20":2,"21":1,"22":1,"23":1,"24":1,"25":1,"26":0,"27":0,"28":1,"29":1,"30":2,"31":0,"32":0,"33":0,"34":1,"35":2,"36":2,"37":3,"38":3,"39":3,"40":3,"41":0,"42":3,"43":3,"44":3,"45":1,"46":3,"47":1,"48":1,"49":1,"50":1,"51":1,"52":1,"53":1,"54":1,"55":1,"56":1,"57":0,"58":1,"59":6,"60":6,"61":1,"62":2,"63":0,"64":2,"65":1,"66":1,"67":0,"68":0,"69":0,"70":0,"71":0,"72":0,"73":0,"74":0,"75":0,"76":0,"77":0,"78":0,"79":0,"80":0,"81":0,"82":0,"83":0},"b":{"1":[2,1,1,1],"2":[1,1,1,1],"3":[1,1],"4":[2,2],"5":[1,1],"6":[1,1],"7":[2,0],"8":[2,1,1,1,1,1],"9":[0,2,0],"10":[1,1],"11":[2,1,1],"12":[1,0],"13":[0,2],"14":[2,0,0,0,0,0,0],"15":[0,3],"16":[3,0],"17":[1,1],"18":[0,1],"19":[1,2,0,2],"20":[1,0],"21":[1,1],"22":[0,0],"23":[0,0],"24":[0,0],"25":[0,0],"26":[0,0],"27":[0,0],"28":[0,0]},"f":{"1":2,"2":2,"3":2,"4":2,"5":2,"6":2,"7":3,"8":3,"9":3,"10":1,"11":6,"12":0},"fnMap":{"1":{"name":"(anonymous_1)","line":26,"loc":{"start":{"line":26,"column":1},"end":{"line":26,"column":13}}},"2":{"name":"(anonymous_2)","line":33,"loc":{"start":{"line":33,"column":5},"end":{"line":33,"column":17}}},"3":{"name":"(anonymous_3)","line":37,"loc":{"start":{"line":37,"column":24},"end":{"line":37,"column":36}}},"4":{"name":"(anonymous_4)","line":69,"loc":{"start":{"line":69,"column":31},"end":{"line":69,"column":48}},"skip":true},"5":{"name":"(anonymous_5)","line":78,"loc":{"start":{"line":78,"column":26},"end":{"line":78,"column":45}},"skip":true},"6":{"name":"(anonymous_6)","line":123,"loc":{"start":{"line":123,"column":33},"end":{"line":123,"column":48}},"skip":true},"7":{"name":"(anonymous_7)","line":125,"loc":{"start":{"line":125,"column":27},"end":{"line":125,"column":39}},"skip":true},"8":{"name":"(anonymous_8)","line":133,"loc":{"start":{"line":133,"column":59},"end":{"line":133,"column":74}},"skip":true},"9":{"name":"(anonymous_9)","line":143,"loc":{"start":{"line":143,"column":45},"end":{"line":143,"column":62}},"skip":true},"10":{"name":"(anonymous_10)","line":144,"loc":{"start":{"line":144,"column":73},"end":{"line":144,"column":92}},"skip":true},"11":{"name":"(anonymous_11)","line":272,"loc":{"start":{"line":272,"column":51},"end":{"line":272,"column":77}},"skip":true},"12":{"name":"(anonymous_12)","line":315,"loc":{"start":{"line":315,"column":32},"end":{"line":315,"column":61}},"skip":true}},"statementMap":{"1":{"start":{"line":26,"column":0},"end":{"line":326,"column":5}},"2":{"start":{"line":28,"column":4},"end":{"line":28,"column":14}},"3":{"start":{"line":33,"column":4},"end":{"line":60,"column":9}},"4":{"start":{"line":35,"column":8},"end":{"line":35,"column":19}},"5":{"start":{"line":37,"column":8},"end":{"line":49,"column":13}},"6":{"start":{"line":38,"column":12},"end":{"line":48,"column":13}},"7":{"start":{"line":39,"column":16},"end":{"line":42,"column":30}},"8":{"start":{"line":44,"column":16},"end":{"line":47,"column":27}},"9":{"start":{"line":51,"column":8},"end":{"line":53,"column":21}},"10":{"start":{"line":55,"column":8},"end":{"line":57,"column":45}},"11":{"start":{"line":59,"column":8},"end":{"line":59,"column":35}},"12":{"start":{"line":61,"column":4},"end":{"line":325,"column":5}},"13":{"start":{"line":69,"column":8},"end":{"line":121,"column":10},"skip":true},"14":{"start":{"line":70,"column":12},"end":{"line":88,"column":13},"skip":true},"15":{"start":{"line":76,"column":16},"end":{"line":87,"column":19},"skip":true},"16":{"start":{"line":79,"column":20},"end":{"line":86,"column":21},"skip":true},"17":{"start":{"line":82,"column":24},"end":{"line":82,"column":43},"skip":true},"18":{"start":{"line":83,"column":24},"end":{"line":83,"column":30},"skip":true},"19":{"start":{"line":85,"column":24},"end":{"line":85,"column":49},"skip":true},"20":{"start":{"line":89,"column":12},"end":{"line":107,"column":13},"skip":true},"21":{"start":{"line":92,"column":16},"end":{"line":102,"column":17},"skip":true},"22":{"start":{"line":93,"column":20},"end":{"line":93,"column":86},"skip":true},"23":{"start":{"line":94,"column":20},"end":{"line":95,"column":45},"skip":true},"24":{"start":{"line":96,"column":20},"end":{"line":96,"column":42},"skip":true},"25":{"start":{"line":97,"column":20},"end":{"line":97,"column":48},"skip":true},"26":{"start":{"line":100,"column":20},"end":{"line":100,"column":85},"skip":true},"27":{"start":{"line":101,"column":20},"end":{"line":101,"column":96},"skip":true},"28":{"start":{"line":103,"column":16},"end":{"line":103,"column":22},"skip":true},"29":{"start":{"line":106,"column":16},"end":{"line":106,"column":22},"skip":true},"30":{"start":{"line":108,"column":12},"end":{"line":120,"column":13},"skip":true},"31":{"start":{"line":114,"column":16},"end":{"line":119,"column":17},"skip":true},"32":{"start":{"line":116,"column":20},"end":{"line":116,"column":78},"skip":true},"33":{"start":{"line":118,"column":20},"end":{"line":118,"column":47},"skip":true},"34":{"start":{"line":123,"column":8},"end":{"line":141,"column":11},"skip":true},"35":{"start":{"line":124,"column":12},"end":{"line":124,"column":54},"skip":true},"36":{"start":{"line":125,"column":12},"end":{"line":140,"column":14},"skip":true},"37":{"start":{"line":126,"column":16},"end":{"line":126,"column":28},"skip":true},"38":{"start":{"line":127,"column":16},"end":{"line":127,"column":69},"skip":true},"39":{"start":{"line":128,"column":16},"end":{"line":128,"column":75},"skip":true},"40":{"start":{"line":129,"column":16},"end":{"line":131,"column":17},"skip":true},"41":{"start":{"line":130,"column":20},"end":{"line":130,"column":27},"skip":true},"42":{"start":{"line":133,"column":16},"end":{"line":137,"column":36},"skip":true},"43":{"start":{"line":134,"column":20},"end":{"line":136,"column":55},"skip":true},"44":{"start":{"line":139,"column":16},"end":{"line":139,"column":57},"skip":true},"45":{"start":{"line":143,"column":8},"end":{"line":147,"column":11},"skip":true},"46":{"start":{"line":144,"column":12},"end":{"line":146,"column":15},"skip":true},"47":{"start":{"line":145,"column":16},"end":{"line":145,"column":70},"skip":true},"48":{"start":{"line":149,"column":8},"end":{"line":149,"column":31},"skip":true},"49":{"start":{"line":150,"column":8},"end":{"line":150,"column":14},"skip":true},"50":{"start":{"line":158,"column":8},"end":{"line":158,"column":31},"skip":true},"51":{"start":{"line":160,"column":8},"end":{"line":160,"column":33},"skip":true},"52":{"start":{"line":161,"column":8},"end":{"line":161,"column":37},"skip":true},"53":{"start":{"line":162,"column":8},"end":{"line":162,"column":35},"skip":true},"54":{"start":{"line":164,"column":8},"end":{"line":164,"column":50},"skip":true},"55":{"start":{"line":166,"column":8},"end":{"line":256,"column":2},"skip":true},"56":{"start":{"line":258,"column":8},"end":{"line":286,"column":9},"skip":true},"57":{"start":{"line":259,"column":12},"end":{"line":269,"column":14},"skip":true},"58":{"start":{"line":271,"column":12},"end":{"line":285,"column":19},"skip":true},"59":{"start":{"line":274,"column":20},"end":{"line":274,"column":35},"skip":true},"60":{"start":{"line":275,"column":20},"end":{"line":284,"column":21},"skip":true},"61":{"start":{"line":277,"column":24},"end":{"line":277,"column":64},"skip":true},"62":{"start":{"line":279,"column":24},"end":{"line":279,"column":40},"skip":true},"63":{"start":{"line":281,"column":24},"end":{"line":281,"column":40},"skip":true},"64":{"start":{"line":283,"column":24},"end":{"line":283,"column":39},"skip":true},"65":{"start":{"line":288,"column":8},"end":{"line":290,"column":9},"skip":true},"66":{"start":{"line":289,"column":12},"end":{"line":289,"column":18},"skip":true},"67":{"start":{"line":291,"column":8},"end":{"line":293,"column":54},"skip":true},"68":{"start":{"line":296,"column":8},"end":{"line":301,"column":37},"skip":true},"69":{"start":{"line":303,"column":8},"end":{"line":303,"column":82},"skip":true},"70":{"start":{"line":306,"column":8},"end":{"line":308,"column":9},"skip":true},"71":{"start":{"line":307,"column":12},"end":{"line":307,"column":82},"skip":true},"72":{"start":{"line":310,"column":8},"end":{"line":312,"column":9},"skip":true},"73":{"start":{"line":311,"column":12},"end":{"line":311,"column":18},"skip":true},"74":{"start":{"line":313,"column":8},"end":{"line":313,"column":54},"skip":true},"75":{"start":{"line":314,"column":8},"end":{"line":314,"column":69},"skip":true},"76":{"start":{"line":315,"column":8},"end":{"line":323,"column":36},"skip":true},"77":{"start":{"line":316,"column":12},"end":{"line":316,"column":61},"skip":true},"78":{"start":{"line":317,"column":12},"end":{"line":320,"column":13},"skip":true},"79":{"start":{"line":318,"column":16},"end":{"line":318,"column":75},"skip":true},"80":{"start":{"line":319,"column":16},"end":{"line":319,"column":23},"skip":true},"81":{"start":{"line":321,"column":12},"end":{"line":321,"column":38},"skip":true},"82":{"start":{"line":322,"column":12},"end":{"line":322,"column":27},"skip":true},"83":{"start":{"line":324,"column":8},"end":{"line":324,"column":14},"skip":true}},"branchMap":{"1":{"line":39,"type":"binary-expr","locations":[{"start":{"line":39,"column":23},"end":{"line":39,"column":62}},{"start":{"line":40,"column":20},"end":{"line":40,"column":70}},{"start":{"line":41,"column":20},"end":{"line":41,"column":71}},{"start":{"line":42,"column":20},"end":{"line":42,"column":29}}]},"2":{"line":44,"type":"binary-expr","locations":[{"start":{"line":44,"column":23},"end":{"line":44,"column":37}},{"start":{"line":45,"column":20},"end":{"line":45,"column":61}},{"start":{"line":46,"column":20},"end":{"line":46,"column":70}},{"start":{"line":47,"column":20},"end":{"line":47,"column":26}}]},"3":{"line":51,"type":"cond-expr","locations":[{"start":{"line":52,"column":14},"end":{"line":52,"column":20}},{"start":{"line":53,"column":14},"end":{"line":53,"column":20}}]},"4":{"line":55,"type":"binary-expr","locations":[{"start":{"line":55,"column":16},"end":{"line":55,"column":44}},{"start":{"line":55,"column":49},"end":{"line":57,"column":43}}]},"5":{"line":55,"type":"cond-expr","locations":[{"start":{"line":56,"column":14},"end":{"line":56,"column":53}},{"start":{"line":57,"column":14},"end":{"line":57,"column":43}}]},"6":{"line":61,"type":"switch","locations":[{"start":{"line":68,"column":4},"end":{"line":150,"column":14},"skip":true},{"start":{"line":156,"column":4},"end":{"line":324,"column":14},"skip":true}]},"7":{"line":70,"type":"if","locations":[{"start":{"line":70,"column":12},"end":{"line":70,"column":12},"skip":true},{"start":{"line":70,"column":12},"end":{"line":70,"column":12},"skip":true}]},"8":{"line":70,"type":"binary-expr","locations":[{"start":{"line":70,"column":16},"end":{"line":70,"column":22},"skip":true},{"start":{"line":70,"column":27},"end":{"line":70,"column":32},"skip":true},{"start":{"line":71,"column":20},"end":{"line":71,"column":39},"skip":true},{"start":{"line":72,"column":20},"end":{"line":72,"column":49},"skip":true},{"start":{"line":73,"column":20},"end":{"line":73,"column":58},"skip":true},{"start":{"line":74,"column":20},"end":{"line":74,"column":69},"skip":true}]},"9":{"line":79,"type":"switch","locations":[{"start":{"line":80,"column":20},"end":{"line":80,"column":33},"skip":true},{"start":{"line":81,"column":20},"end":{"line":83,"column":30},"skip":true},{"start":{"line":84,"column":20},"end":{"line":85,"column":49},"skip":true}]},"10":{"line":89,"type":"switch","locations":[{"start":{"line":90,"column":12},"end":{"line":103,"column":22},"skip":true},{"start":{"line":105,"column":12},"end":{"line":106,"column":22},"skip":true}]},"11":{"line":89,"type":"binary-expr","locations":[{"start":{"line":89,"column":20},"end":{"line":89,"column":25},"skip":true},{"start":{"line":89,"column":29},"end":{"line":89,"column":48},"skip":true},{"start":{"line":89,"column":52},"end":{"line":89,"column":74},"skip":true}]},"12":{"line":92,"type":"if","locations":[{"start":{"line":92,"column":16},"end":{"line":92,"column":16},"skip":true},{"start":{"line":92,"column":16},"end":{"line":92,"column":16},"skip":true}]},"13":{"line":108,"type":"if","locations":[{"start":{"line":108,"column":12},"end":{"line":108,"column":12},"skip":true},{"start":{"line":108,"column":12},"end":{"line":108,"column":12},"skip":true}]},"14":{"line":108,"type":"binary-expr","locations":[{"start":{"line":108,"column":16},"end":{"line":108,"column":61},"skip":true},{"start":{"line":108,"column":66},"end":{"line":108,"column":72},"skip":true},{"start":{"line":108,"column":77},"end":{"line":108,"column":82},"skip":true},{"start":{"line":109,"column":20},"end":{"line":109,"column":39},"skip":true},{"start":{"line":110,"column":20},"end":{"line":110,"column":49},"skip":true},{"start":{"line":111,"column":20},"end":{"line":111,"column":58},"skip":true},{"start":{"line":112,"column":20},"end":{"line":112,"column":68},"skip":true}]},"15":{"line":129,"type":"if","locations":[{"start":{"line":129,"column":16},"end":{"line":129,"column":16},"skip":true},{"start":{"line":129,"column":16},"end":{"line":129,"column":16},"skip":true}]},"16":{"line":134,"type":"cond-expr","locations":[{"start":{"line":135,"column":26},"end":{"line":135,"column":29},"skip":true},{"start":{"line":136,"column":26},"end":{"line":136,"column":54},"skip":true}]},"17":{"line":164,"type":"binary-expr","locations":[{"start":{"line":164,"column":27},"end":{"line":164,"column":43},"skip":true},{"start":{"line":164,"column":47},"end":{"line":164,"column":49},"skip":true}]},"18":{"line":258,"type":"if","locations":[{"start":{"line":258,"column":8},"end":{"line":258,"column":8},"skip":true},{"start":{"line":258,"column":8},"end":{"line":258,"column":8},"skip":true}]},"19":{"line":275,"type":"switch","locations":[{"start":{"line":276,"column":20},"end":{"line":277,"column":64},"skip":true},{"start":{"line":278,"column":20},"end":{"line":279,"column":40},"skip":true},{"start":{"line":280,"column":20},"end":{"line":281,"column":40},"skip":true},{"start":{"line":282,"column":20},"end":{"line":283,"column":39},"skip":true}]},"20":{"line":288,"type":"if","locations":[{"start":{"line":288,"column":8},"end":{"line":288,"column":8},"skip":true},{"start":{"line":288,"column":8},"end":{"line":288,"column":8},"skip":true}]},"21":{"line":288,"type":"binary-expr","locations":[{"start":{"line":288,"column":12},"end":{"line":288,"column":40},"skip":true},{"start":{"line":288,"column":44},"end":{"line":288,"column":67},"skip":true}]},"22":{"line":292,"type":"binary-expr","locations":[{"start":{"line":292,"column":12},"end":{"line":292,"column":50},"skip":true},{"start":{"line":293,"column":12},"end":{"line":293,"column":53},"skip":true}]},"23":{"line":297,"type":"binary-expr","locations":[{"start":{"line":297,"column":12},"end":{"line":297,"column":67},"skip":true},{"start":{"line":298,"column":12},"end":{"line":301,"column":36},"skip":true}]},"24":{"line":303,"type":"binary-expr","locations":[{"start":{"line":303,"column":43},"end":{"line":303,"column":75},"skip":true},{"start":{"line":303,"column":79},"end":{"line":303,"column":81},"skip":true}]},"25":{"line":306,"type":"if","locations":[{"start":{"line":306,"column":8},"end":{"line":306,"column":8},"skip":true},{"start":{"line":306,"column":8},"end":{"line":306,"column":8},"skip":true}]},"26":{"line":310,"type":"if","locations":[{"start":{"line":310,"column":8},"end":{"line":310,"column":8},"skip":true},{"start":{"line":310,"column":8},"end":{"line":310,"column":8},"skip":true}]},"27":{"line":313,"type":"binary-expr","locations":[{"start":{"line":313,"column":27},"end":{"line":313,"column":43},"skip":true},{"start":{"line":313,"column":47},"end":{"line":313,"column":53},"skip":true}]},"28":{"line":317,"type":"if","locations":[{"start":{"line":317,"column":12},"end":{"line":317,"column":12},"skip":true},{"start":{"line":317,"column":12},"end":{"line":317,"column":12},"skip":true}]}},"code":["/*","example.js","","quickstart example","","instruction","    1. save this script as example.js","    2. run the shell command:","        $ npm install npmtest-lightbox2 && PORT=8081 node example.js","    3. play with the browser-demo on http://127.0.0.1:8081","*/","","","","/* istanbul instrument in package npmtest_lightbox2 */","/*jslint","    bitwise: true,","    browser: true,","    maxerr: 8,","    maxlen: 96,","    node: true,","    nomen: true,","    regexp: true,","    stupid: true","*/","(function () {","    'use strict';","    var local;","","","","    // run shared js-env code - init-before","    (function () {","        // init local","        local = {};","        // init modeJs","        local.modeJs = (function () {","            try {","                return typeof navigator.userAgent === 'string' &&","                    typeof document.querySelector('body') === 'object' &&","                    typeof XMLHttpRequest.prototype.open === 'function' &&","                    'browser';","            } catch (errorCaughtBrowser) {","                return module.exports &&","                    typeof process.versions.node === 'string' &&","                    typeof require('http').createServer === 'function' &&","                    'node';","            }","        }());","        // init global","        local.global = local.modeJs === 'browser'","            ? window","            : global;","        // init utility2_rollup","        local = local.global.utility2_rollup || (local.modeJs === 'browser'","            ? local.global.utility2_npmtest_lightbox2","            : global.utility2_moduleExports);","        // export local","        local.global.local = local;","    }());","    switch (local.modeJs) {","","","","    // init-after","    // run browser js-env code - init-after","    /* istanbul ignore next */","    case 'browser':","        local.testRunBrowser = function (event) {","            if (!event || (event &&","                    event.currentTarget &&","                    event.currentTarget.className &&","                    event.currentTarget.className.includes &&","                    event.currentTarget.className.includes('onreset'))) {","                // reset output","                Array.from(","                    document.querySelectorAll('body > .resettable')","                ).forEach(function (element) {","                    switch (element.tagName) {","                    case 'INPUT':","                    case 'TEXTAREA':","                        element.value = '';","                        break;","                    default:","                        element.textContent = '';","                    }","                });","            }","            switch (event && event.currentTarget && event.currentTarget.id) {","            case 'testRunButton1':","                // show tests","                if (document.querySelector('#testReportDiv1').style.display === 'none') {","                    document.querySelector('#testReportDiv1').style.display = 'block';","                    document.querySelector('#testRunButton1').textContent =","                        'hide internal test';","                    local.modeTest = true;","                    local.testRunDefault(local);","                // hide tests","                } else {","                    document.querySelector('#testReportDiv1').style.display = 'none';","                    document.querySelector('#testRunButton1').textContent = 'run internal test';","                }","                break;","            // custom-case","            default:","                break;","            }","            if (document.querySelector('#inputTextareaEval1') && (!event || (event &&","                    event.currentTarget &&","                    event.currentTarget.className &&","                    event.currentTarget.className.includes &&","                    event.currentTarget.className.includes('oneval')))) {","                // try to eval input-code","                try {","                    /*jslint evil: true*/","                    eval(document.querySelector('#inputTextareaEval1').value);","                } catch (errorCaught) {","                    console.error(errorCaught);","                }","            }","        };","        // log stderr and stdout to #outputTextareaStdout1","        ['error', 'log'].forEach(function (key) {","            console[key + '_original'] = console[key];","            console[key] = function () {","                var element;","                console[key + '_original'].apply(console, arguments);","                element = document.querySelector('#outputTextareaStdout1');","                if (!element) {","                    return;","                }","                // append text to #outputTextareaStdout1","                element.value += Array.from(arguments).map(function (arg) {","                    return typeof arg === 'string'","                        ? arg","                        : JSON.stringify(arg, null, 4);","                }).join(' ') + '\\n';","                // scroll textarea to bottom","                element.scrollTop = element.scrollHeight;","            };","        });","        // init event-handling","        ['change', 'click', 'keyup'].forEach(function (event) {","            Array.from(document.querySelectorAll('.on' + event)).forEach(function (element) {","                element.addEventListener(event, local.testRunBrowser);","            });","        });","        // run tests","        local.testRunBrowser();","        break;","","","","    // run node js-env code - init-after","    /* istanbul ignore next */","    case 'node':","        // export local","        module.exports = local;","        // require modules","        local.fs = require('fs');","        local.http = require('http');","        local.url = require('url');","        // init assets","        local.assetsDict = local.assetsDict || {};","        /* jslint-ignore-begin */","        local.assetsDict['/assets.index.template.html'] = '\\","<!doctype html>\\n\\","<html lang=\"en\">\\n\\","<head>\\n\\","<meta charset=\"UTF-8\">\\n\\","<meta name=\"viewport\" content=\"width=device-width, initial-scale=1\">\\n\\","<title>{{env.npm_package_name}} (v{{env.npm_package_version}})</title>\\n\\","<style>\\n\\","/*csslint\\n\\","    box-sizing: false,\\n\\","    universal-selector: false\\n\\","*/\\n\\","* {\\n\\","    box-sizing: border-box;\\n\\","}\\n\\","body {\\n\\","    background: #dde;\\n\\","    font-family: Arial, Helvetica, sans-serif;\\n\\","    margin: 2rem;\\n\\","}\\n\\","body > * {\\n\\","    margin-bottom: 1rem;\\n\\","}\\n\\",".utility2FooterDiv {\\n\\","    margin-top: 20px;\\n\\","    text-align: center;\\n\\","}\\n\\","</style>\\n\\","<style>\\n\\","/*csslint\\n\\","*/\\n\\","textarea {\\n\\","    font-family: monospace;\\n\\","    height: 10rem;\\n\\","    width: 100%;\\n\\","}\\n\\","textarea[readonly] {\\n\\","    background: #ddd;\\n\\","}\\n\\","</style>\\n\\","</head>\\n\\","<body>\\n\\","<!-- utility2-comment\\n\\","<div id=\"ajaxProgressDiv1\" style=\"background: #d00; height: 2px; left: 0; margin: 0; padding: 0; position: fixed; top: 0; transition: background 0.5s, width 1.5s; width: 25%;\"></div>\\n\\","utility2-comment -->\\n\\","<h1>\\n\\","<!-- utility2-comment\\n\\","    <a\\n\\","        {{#if env.npm_package_homepage}}\\n\\","        href=\"{{env.npm_package_homepage}}\"\\n\\","        {{/if env.npm_package_homepage}}\\n\\","        target=\"_blank\"\\n\\","    >\\n\\","utility2-comment -->\\n\\","        {{env.npm_package_name}} (v{{env.npm_package_version}})\\n\\","<!-- utility2-comment\\n\\","    </a>\\n\\","utility2-comment -->\\n\\","</h1>\\n\\","<h3>{{env.npm_package_description}}</h3>\\n\\","<!-- utility2-comment\\n\\","<h4><a download href=\"assets.app.js\">download standalone app</a></h4>\\n\\","<button class=\"onclick onreset\" id=\"testRunButton1\">run internal test</button><br>\\n\\","<div id=\"testReportDiv1\" style=\"display: none;\"></div>\\n\\","utility2-comment -->\\n\\","\\n\\","\\n\\","\\n\\","<label>stderr and stdout</label>\\n\\","<textarea class=\"resettable\" id=\"outputTextareaStdout1\" readonly></textarea>\\n\\","<!-- utility2-comment\\n\\","{{#if isRollup}}\\n\\","<script src=\"assets.app.js\"></script>\\n\\","{{#unless isRollup}}\\n\\","utility2-comment -->\\n\\","<script src=\"assets.utility2.rollup.js\"></script>\\n\\","<script src=\"jsonp.utility2._stateInit?callback=window.utility2._stateInit\"></script>\\n\\","<script src=\"assets.npmtest_lightbox2.rollup.js\"></script>\\n\\","<script src=\"assets.example.js\"></script>\\n\\","<script src=\"assets.test.js\"></script>\\n\\","<!-- utility2-comment\\n\\","{{/if isRollup}}\\n\\","utility2-comment -->\\n\\","<div class=\"utility2FooterDiv\">\\n\\","    [ this app was created with\\n\\","    <a href=\"https://github.com/kaizhu256/node-utility2\" target=\"_blank\">utility2</a>\\n\\","    ]\\n\\","</div>\\n\\","</body>\\n\\","</html>\\n\\","';","        /* jslint-ignore-end */","        if (local.templateRender) {","            local.assetsDict['/'] = local.templateRender(","                local.assetsDict['/assets.index.template.html'],","                {","                    env: local.objectSetDefault(local.env, {","                        npm_package_description: 'the greatest app in the world!',","                        npm_package_name: 'my-app',","                        npm_package_nameAlias: 'my_app',","                        npm_package_version: '0.0.1'","                    })","                }","            );","        } else {","            local.assetsDict['/'] = local.assetsDict['/assets.index.template.html']","                .replace((/\\{\\{env\\.(\\w+?)\\}\\}/g), function (match0, match1) {","                    // jslint-hack","                    String(match0);","                    switch (match1) {","                    case 'npm_package_description':","                        return 'the greatest app in the world!';","                    case 'npm_package_name':","                        return 'my-app';","                    case 'npm_package_nameAlias':","                        return 'my_app';","                    case 'npm_package_version':","                        return '0.0.1';","                    }","                });","        }","        // run the cli","        if (local.global.utility2_rollup || module !== require.main) {","            break;","        }","        local.assetsDict['/assets.example.js'] =","            local.assetsDict['/assets.example.js'] ||","            local.fs.readFileSync(__filename, 'utf8');","        // bug-workaround - long $npm_package_buildCustomOrg","        /* jslint-ignore-begin */","        local.assetsDict['/assets.npmtest_lightbox2.rollup.js'] =","            local.assetsDict['/assets.npmtest_lightbox2.rollup.js'] ||","            local.fs.readFileSync(","                local.npmtest_lightbox2.__dirname + '/lib.npmtest_lightbox2.js',","                'utf8'","            ).replace((/^#!/), '//');","        /* jslint-ignore-end */","        local.assetsDict['/favicon.ico'] = local.assetsDict['/favicon.ico'] || '';","        // if $npm_config_timeout_exit exists,","        // then exit this process after $npm_config_timeout_exit ms","        if (Number(process.env.npm_config_timeout_exit)) {","            setTimeout(process.exit, Number(process.env.npm_config_timeout_exit));","        }","        // start server","        if (local.global.utility2_serverHttp1) {","            break;","        }","        process.env.PORT = process.env.PORT || '8081';","        console.error('server starting on port ' + process.env.PORT);","        local.http.createServer(function (request, response) {","            request.urlParsed = local.url.parse(request.url);","            if (local.assetsDict[request.urlParsed.pathname] !== undefined) {","                response.end(local.assetsDict[request.urlParsed.pathname]);","                return;","            }","            response.statusCode = 404;","            response.end();","        }).listen(process.env.PORT);","        break;","    }","}());",""],"l":{"26":2,"28":2,"33":2,"35":2,"37":2,"38":2,"39":2,"44":1,"51":2,"55":2,"59":2,"61":2,"69":1,"70":2,"76":2,"79":2,"82":2,"83":2,"85":1,"89":2,"92":1,"93":1,"94":1,"96":1,"97":1,"100":1,"101":1,"103":1,"106":1,"108":2,"114":1,"116":1,"118":1,"123":1,"124":2,"125":2,"126":3,"127":3,"128":3,"129":3,"130":1,"133":3,"134":3,"139":3,"143":1,"144":3,"145":1,"149":1,"150":1,"158":1,"160":1,"161":1,"162":1,"164":1,"166":1,"258":1,"259":1,"271":1,"274":6,"275":6,"277":1,"279":2,"281":1,"283":2,"288":1,"289":1,"291":1,"296":1,"303":1,"306":1,"307":1,"310":1,"311":1,"313":1,"314":1,"315":1,"316":1,"317":1,"318":1,"319":1,"321":1,"322":1,"324":1}},"/home/travis/build/npmtest/node-npmtest-lightbox2/node_modules/lightbox2/dist/js/lightbox.js":{"path":"/home/travis/build/npmtest/node-npmtest-lightbox2/node_modules/lightbox2/dist/js/lightbox.js","s":{"1":2,"2":2,"3":0,"4":2,"5":2,"6":0,"7":1,"8":0,"9":0,"10":0,"11":0,"12":0,"13":0,"14":0,"15":0,"16":0,"17":0,"18":0,"19":0,"20":0,"21":0,"22":0,"23":0,"24":0,"25":0,"26":0,"27":0,"28":0,"29":0,"30":0,"31":0,"32":0,"33":0,"34":0,"35":0,"36":0,"37":0,"38":0,"39":0,"40":0,"41":0,"42":0,"43":0,"44":0,"45":0,"46":0,"47":0,"48":0,"49":0,"50":0,"51":0,"52":0,"53":0,"54":0,"55":0,"56":0,"57":0,"58":0,"59":0,"60":0,"61":0,"62":0,"63":0,"64":0,"65":0,"66":0,"67":0,"68":0,"69":0,"70":0,"71":0,"72":0,"73":0,"74":0,"75":0,"76":0,"77":1,"78":0,"79":0,"80":0,"81":0,"82":0,"83":0,"84":0,"85":0,"86":0,"87":0,"88":0,"89":0,"90":0,"91":0,"92":0,"93":0,"94":0,"95":0,"96":0,"97":0,"98":0,"99":0,"100":0,"101":0,"102":0,"103":0,"104":0,"105":0,"106":0,"107":0,"108":0,"109":0,"110":0,"111":0,"112":0,"113":0,"114":0,"115":0,"116":0,"117":0,"118":0,"119":0,"120":0,"121":0,"122":0,"123":0,"124":0,"125":0,"126":0,"127":0,"128":0,"129":0,"130":0,"131":0,"132":0,"133":0,"134":0,"135":0,"136":0,"137":0,"138":0,"139":0,"140":0,"141":0,"142":0,"143":0,"144":0,"145":0,"146":0,"147":0,"148":0,"149":0,"150":0,"151":1,"152":0,"153":0,"154":0,"155":0,"156":0,"157":0,"158":0,"159":0,"160":0,"161":0,"162":0,"163":0,"164":0,"165":0,"166":0,"167":0,"168":0,"169":0,"170":0,"171":0,"172":0,"173":0,"174":0,"175":0,"176":0,"177":0,"178":0,"179":0,"180":0,"181":0,"182":0,"183":0,"184":0,"185":0,"186":0,"187":0,"188":0,"189":0,"190":0,"191":0,"192":0,"193":0,"194":0,"195":0,"196":0,"197":0,"198":0,"199":0,"200":0,"201":0,"202":0,"203":0,"204":0,"205":0,"206":0,"207":0,"208":0,"209":0,"210":0,"211":0,"212":0,"213":0,"214":0,"215":0,"216":0,"217":0,"218":0,"219":0,"220":0,"221":0,"222":0,"223":0,"224":0,"225":0,"226":0,"227":0,"228":0,"229":0,"230":0,"231":0,"232":0,"233":0,"234":0,"235":0,"236":0,"237":0,"238":0,"239":0,"240":0,"241":0},"b":{"1":[0,2],"2":[2,0],"3":[2,0],"4":[0,0],"5":[0,0],"6":[0,0],"7":[0,0],"8":[0,0],"9":[0,0],"10":[0,0],"11":[0,0],"12":[0,0],"13":[0,0],"14":[0,0],"15":[0,0],"16":[0,0],"17":[0,0],"18":[0,0],"19":[0,0],"20":[0,0],"21":[0,0],"22":[0,0],"23":[0,0],"24":[0,0],"25":[0,0],"26":[0,0],"27":[0,0],"28":[0,0],"29":[0,0],"30":[0,0],"31":[0,0],"32":[0,0],"33":[0,0],"34":[0,0],"35":[0,0],"36":[0,0],"37":[0,0],"38":[0,0],"39":[0,0],"40":[0,0],"41":[0,0],"42":[0,0],"43":[0,0],"44":[0,0],"45":[0,0],"46":[0,0],"47":[0,0],"48":[0,0],"49":[0,0],"50":[0,0],"51":[0,0],"52":[0,0],"53":[0,0]},"f":{"1":2,"2":0,"3":0,"4":0,"5":0,"6":0,"7":0,"8":0,"9":0,"10":0,"11":0,"12":0,"13":0,"14":0,"15":0,"16":0,"17":0,"18":0,"19":0,"20":0,"21":0,"22":0,"23":0,"24":0,"25":0,"26":0,"27":0,"28":0,"29":0,"30":0,"31":0,"32":0,"33":0,"34":0,"35":0,"36":0,"37":0},"fnMap":{"1":{"name":"(anonymous_1)","line":14,"loc":{"start":{"line":14,"column":1},"end":{"line":14,"column":26}}},"2":{"name":"(anonymous_2)","line":27,"loc":{"start":{"line":27,"column":8},"end":{"line":27,"column":21}}},"3":{"name":"Lightbox","line":29,"loc":{"start":{"line":29,"column":2},"end":{"line":29,"column":29}}},"4":{"name":"(anonymous_4)","line":65,"loc":{"start":{"line":65,"column":30},"end":{"line":65,"column":48}}},"5":{"name":"(anonymous_5)","line":69,"loc":{"start":{"line":69,"column":39},"end":{"line":69,"column":78}}},"6":{"name":"(anonymous_6)","line":73,"loc":{"start":{"line":73,"column":28},"end":{"line":73,"column":39}}},"7":{"name":"(anonymous_7)","line":76,"loc":{"start":{"line":76,"column":22},"end":{"line":76,"column":33}}},"8":{"name":"(anonymous_8)","line":84,"loc":{"start":{"line":84,"column":30},"end":{"line":84,"column":41}}},"9":{"name":"(anonymous_9)","line":86,"loc":{"start":{"line":86,"column":106},"end":{"line":86,"column":122}}},"10":{"name":"(anonymous_10)","line":94,"loc":{"start":{"line":94,"column":29},"end":{"line":94,"column":40}}},"11":{"name":"(anonymous_11)","line":122,"loc":{"start":{"line":122,"column":37},"end":{"line":122,"column":48}}},"12":{"name":"(anonymous_12)","line":127,"loc":{"start":{"line":127,"column":38},"end":{"line":127,"column":54}}},"13":{"name":"(anonymous_13)","line":134,"loc":{"start":{"line":134,"column":37},"end":{"line":134,"column":53}}},"14":{"name":"(anonymous_14)","line":141,"loc":{"start":{"line":141,"column":48},"end":{"line":141,"column":59}}},"15":{"name":"(anonymous_15)","line":150,"loc":{"start":{"line":150,"column":48},"end":{"line":150,"column":59}}},"16":{"name":"(anonymous_16)","line":172,"loc":{"start":{"line":172,"column":30},"end":{"line":172,"column":46}}},"17":{"name":"(anonymous_17)","line":176,"loc":{"start":{"line":176,"column":42},"end":{"line":176,"column":53}}},"18":{"name":"(anonymous_18)","line":177,"loc":{"start":{"line":177,"column":21},"end":{"line":177,"column":32}}},"19":{"name":"(anonymous_19)","line":185,"loc":{"start":{"line":185,"column":61},"end":{"line":185,"column":72}}},"20":{"name":"(anonymous_20)","line":192,"loc":{"start":{"line":192,"column":29},"end":{"line":192,"column":45}}},"21":{"name":"addToAlbum","line":207,"loc":{"start":{"line":207,"column":4},"end":{"line":207,"column":31}}},"22":{"name":"(anonymous_22)","line":259,"loc":{"start":{"line":259,"column":35},"end":{"line":259,"column":57}}},"23":{"name":"(anonymous_23)","line":274,"loc":{"start":{"line":274,"column":23},"end":{"line":274,"column":34}}},"24":{"name":"(anonymous_24)","line":330,"loc":{"start":{"line":330,"column":35},"end":{"line":330,"column":46}}},"25":{"name":"(anonymous_25)","line":337,"loc":{"start":{"line":337,"column":37},"end":{"line":337,"column":71}}},"26":{"name":"postResize","line":345,"loc":{"start":{"line":345,"column":4},"end":{"line":345,"column":26}}},"27":{"name":"(anonymous_27)","line":356,"loc":{"start":{"line":356,"column":47},"end":{"line":356,"column":58}}},"28":{"name":"(anonymous_28)","line":365,"loc":{"start":{"line":365,"column":33},"end":{"line":365,"column":44}}},"29":{"name":"(anonymous_29)","line":376,"loc":{"start":{"line":376,"column":33},"end":{"line":376,"column":44}}},"30":{"name":"(anonymous_30)","line":412,"loc":{"start":{"line":412,"column":37},"end":{"line":412,"column":48}}},"31":{"name":"(anonymous_31)","line":426,"loc":{"start":{"line":426,"column":31},"end":{"line":426,"column":47}}},"32":{"name":"(anonymous_32)","line":444,"loc":{"start":{"line":444,"column":81},"end":{"line":444,"column":92}}},"33":{"name":"(anonymous_33)","line":450,"loc":{"start":{"line":450,"column":48},"end":{"line":450,"column":59}}},"34":{"name":"(anonymous_34)","line":461,"loc":{"start":{"line":461,"column":41},"end":{"line":461,"column":52}}},"35":{"name":"(anonymous_35)","line":465,"loc":{"start":{"line":465,"column":42},"end":{"line":465,"column":53}}},"36":{"name":"(anonymous_36)","line":469,"loc":{"start":{"line":469,"column":38},"end":{"line":469,"column":54}}},"37":{"name":"(anonymous_37)","line":494,"loc":{"start":{"line":494,"column":27},"end":{"line":494,"column":38}}}},"statementMap":{"1":{"start":{"line":14,"column":0},"end":{"line":508,"column":4}},"2":{"start":{"line":15,"column":4},"end":{"line":26,"column":5}},"3":{"start":{"line":17,"column":8},"end":{"line":17,"column":36}},"4":{"start":{"line":18,"column":11},"end":{"line":26,"column":5}},"5":{"start":{"line":22,"column":8},"end":{"line":22,"column":52}},"6":{"start":{"line":25,"column":8},"end":{"line":25,"column":45}},"7":{"start":{"line":29,"column":2},"end":{"line":37,"column":3}},"8":{"start":{"line":30,"column":4},"end":{"line":30,"column":20}},"9":{"start":{"line":31,"column":4},"end":{"line":31,"column":36}},"10":{"start":{"line":32,"column":4},"end":{"line":32,"column":16}},"11":{"start":{"line":35,"column":4},"end":{"line":35,"column":59}},"12":{"start":{"line":36,"column":4},"end":{"line":36,"column":25}},"13":{"start":{"line":41,"column":2},"end":{"line":63,"column":4}},"14":{"start":{"line":65,"column":2},"end":{"line":67,"column":4}},"15":{"start":{"line":66,"column":4},"end":{"line":66,"column":36}},"16":{"start":{"line":69,"column":2},"end":{"line":71,"column":4}},"17":{"start":{"line":70,"column":4},"end":{"line":70,"column":95}},"18":{"start":{"line":73,"column":2},"end":{"line":80,"column":4}},"19":{"start":{"line":74,"column":4},"end":{"line":74,"column":20}},"20":{"start":{"line":76,"column":4},"end":{"line":79,"column":7}},"21":{"start":{"line":77,"column":6},"end":{"line":77,"column":20}},"22":{"start":{"line":78,"column":6},"end":{"line":78,"column":19}},"23":{"start":{"line":84,"column":2},"end":{"line":90,"column":4}},"24":{"start":{"line":85,"column":4},"end":{"line":85,"column":20}},"25":{"start":{"line":86,"column":4},"end":{"line":89,"column":7}},"26":{"start":{"line":87,"column":6},"end":{"line":87,"column":41}},"27":{"start":{"line":88,"column":6},"end":{"line":88,"column":19}},"28":{"start":{"line":94,"column":2},"end":{"line":189,"column":4}},"29":{"start":{"line":95,"column":4},"end":{"line":95,"column":20}},"30":{"start":{"line":96,"column":4},"end":{"line":96,"column":671}},"31":{"start":{"line":99,"column":4},"end":{"line":99,"column":42}},"32":{"start":{"line":100,"column":4},"end":{"line":100,"column":49}},"33":{"start":{"line":101,"column":4},"end":{"line":101,"column":69}},"34":{"start":{"line":102,"column":4},"end":{"line":102,"column":64}},"35":{"start":{"line":103,"column":4},"end":{"line":103,"column":60}},"36":{"start":{"line":104,"column":4},"end":{"line":104,"column":58}},"37":{"start":{"line":107,"column":4},"end":{"line":112,"column":6}},"38":{"start":{"line":114,"column":4},"end":{"line":119,"column":6}},"39":{"start":{"line":122,"column":4},"end":{"line":125,"column":7}},"40":{"start":{"line":123,"column":6},"end":{"line":123,"column":17}},"41":{"start":{"line":124,"column":6},"end":{"line":124,"column":19}},"42":{"start":{"line":127,"column":4},"end":{"line":132,"column":7}},"43":{"start":{"line":128,"column":6},"end":{"line":130,"column":7}},"44":{"start":{"line":129,"column":8},"end":{"line":129,"column":19}},"45":{"start":{"line":131,"column":6},"end":{"line":131,"column":19}},"46":{"start":{"line":134,"column":4},"end":{"line":139,"column":7}},"47":{"start":{"line":135,"column":6},"end":{"line":137,"column":7}},"48":{"start":{"line":136,"column":8},"end":{"line":136,"column":19}},"49":{"start":{"line":138,"column":6},"end":{"line":138,"column":19}},"50":{"start":{"line":141,"column":4},"end":{"line":148,"column":7}},"51":{"start":{"line":142,"column":6},"end":{"line":146,"column":7}},"52":{"start":{"line":143,"column":8},"end":{"line":143,"column":48}},"53":{"start":{"line":145,"column":8},"end":{"line":145,"column":53}},"54":{"start":{"line":147,"column":6},"end":{"line":147,"column":19}},"55":{"start":{"line":150,"column":4},"end":{"line":157,"column":7}},"56":{"start":{"line":151,"column":6},"end":{"line":155,"column":7}},"57":{"start":{"line":152,"column":8},"end":{"line":152,"column":28}},"58":{"start":{"line":154,"column":8},"end":{"line":154,"column":53}},"59":{"start":{"line":156,"column":6},"end":{"line":156,"column":19}},"60":{"start":{"line":172,"column":4},"end":{"line":182,"column":7}},"61":{"start":{"line":173,"column":6},"end":{"line":181,"column":7}},"62":{"start":{"line":174,"column":8},"end":{"line":174,"column":48}},"63":{"start":{"line":176,"column":8},"end":{"line":180,"column":11}},"64":{"start":{"line":177,"column":10},"end":{"line":179,"column":27}},"65":{"start":{"line":178,"column":14},"end":{"line":178,"column":54}},"66":{"start":{"line":185,"column":4},"end":{"line":188,"column":7}},"67":{"start":{"line":186,"column":6},"end":{"line":186,"column":17}},"68":{"start":{"line":187,"column":6},"end":{"line":187,"column":19}},"69":{"start":{"line":192,"column":2},"end":{"line":256,"column":4}},"70":{"start":{"line":193,"column":4},"end":{"line":193,"column":23}},"71":{"start":{"line":194,"column":4},"end":{"line":194,"column":28}},"72":{"start":{"line":196,"column":4},"end":{"line":196,"column":58}},"73":{"start":{"line":198,"column":4},"end":{"line":200,"column":7}},"74":{"start":{"line":202,"column":4},"end":{"line":202,"column":23}},"75":{"start":{"line":204,"column":4},"end":{"line":204,"column":20}},"76":{"start":{"line":205,"column":4},"end":{"line":205,"column":24}},"77":{"start":{"line":207,"column":4},"end":{"line":212,"column":5}},"78":{"start":{"line":208,"column":6},"end":{"line":211,"column":9}},"79":{"start":{"line":215,"column":4},"end":{"line":215,"column":56}},"80":{"start":{"line":216,"column":4},"end":{"line":216,"column":15}},"81":{"start":{"line":218,"column":4},"end":{"line":240,"column":5}},"82":{"start":{"line":219,"column":6},"end":{"line":219,"column":88}},"83":{"start":{"line":220,"column":6},"end":{"line":225,"column":7}},"84":{"start":{"line":221,"column":8},"end":{"line":221,"column":33}},"85":{"start":{"line":222,"column":8},"end":{"line":224,"column":9}},"86":{"start":{"line":223,"column":10},"end":{"line":223,"column":26}},"87":{"start":{"line":227,"column":6},"end":{"line":239,"column":7}},"88":{"start":{"line":229,"column":8},"end":{"line":229,"column":26}},"89":{"start":{"line":232,"column":8},"end":{"line":232,"column":80}},"90":{"start":{"line":233,"column":8},"end":{"line":238,"column":9}},"91":{"start":{"line":234,"column":10},"end":{"line":234,"column":35}},"92":{"start":{"line":235,"column":10},"end":{"line":237,"column":11}},"93":{"start":{"line":236,"column":12},"end":{"line":236,"column":28}},"94":{"start":{"line":243,"column":4},"end":{"line":243,"column":66}},"95":{"start":{"line":244,"column":4},"end":{"line":244,"column":36}},"96":{"start":{"line":245,"column":4},"end":{"line":248,"column":41}},"97":{"start":{"line":251,"column":4},"end":{"line":253,"column":5}},"98":{"start":{"line":252,"column":6},"end":{"line":252,"column":49}},"99":{"start":{"line":255,"column":4},"end":{"line":255,"column":34}},"100":{"start":{"line":259,"column":2},"end":{"line":327,"column":4}},"101":{"start":{"line":260,"column":4},"end":{"line":260,"column":20}},"102":{"start":{"line":262,"column":4},"end":{"line":262,"column":30}},"103":{"start":{"line":263,"column":4},"end":{"line":263,"column":50}},"104":{"start":{"line":265,"column":4},"end":{"line":265,"column":52}},"105":{"start":{"line":267,"column":4},"end":{"line":267,"column":35}},"106":{"start":{"line":268,"column":4},"end":{"line":268,"column":118}},"107":{"start":{"line":270,"column":4},"end":{"line":270,"column":47}},"108":{"start":{"line":273,"column":4},"end":{"line":273,"column":32}},"109":{"start":{"line":274,"column":4},"end":{"line":323,"column":6}},"110":{"start":{"line":275,"column":6},"end":{"line":275,"column":21}},"111":{"start":{"line":276,"column":6},"end":{"line":276,"column":22}},"112":{"start":{"line":277,"column":6},"end":{"line":277,"column":21}},"113":{"start":{"line":278,"column":6},"end":{"line":278,"column":25}},"114":{"start":{"line":279,"column":6},"end":{"line":279,"column":24}},"115":{"start":{"line":280,"column":6},"end":{"line":280,"column":23}},"116":{"start":{"line":281,"column":6},"end":{"line":281,"column":22}},"117":{"start":{"line":283,"column":6},"end":{"line":283,"column":55}},"118":{"start":{"line":285,"column":6},"end":{"line":285,"column":32}},"119":{"start":{"line":287,"column":6},"end":{"line":287,"column":36}},"120":{"start":{"line":288,"column":6},"end":{"line":288,"column":38}},"121":{"start":{"line":290,"column":6},"end":{"line":321,"column":7}},"122":{"start":{"line":294,"column":8},"end":{"line":294,"column":43}},"123":{"start":{"line":295,"column":8},"end":{"line":295,"column":44}},"124":{"start":{"line":296,"column":8},"end":{"line":296,"column":160}},"125":{"start":{"line":297,"column":8},"end":{"line":297,"column":162}},"126":{"start":{"line":300,"column":8},"end":{"line":302,"column":9}},"127":{"start":{"line":301,"column":10},"end":{"line":301,"column":48}},"128":{"start":{"line":303,"column":8},"end":{"line":305,"column":9}},"129":{"start":{"line":304,"column":10},"end":{"line":304,"column":50}},"130":{"start":{"line":308,"column":8},"end":{"line":320,"column":9}},"131":{"start":{"line":309,"column":10},"end":{"line":319,"column":11}},"132":{"start":{"line":310,"column":12},"end":{"line":310,"column":40}},"133":{"start":{"line":311,"column":12},"end":{"line":311,"column":90}},"134":{"start":{"line":312,"column":12},"end":{"line":312,"column":37}},"135":{"start":{"line":313,"column":12},"end":{"line":313,"column":39}},"136":{"start":{"line":315,"column":12},"end":{"line":315,"column":41}},"137":{"start":{"line":316,"column":12},"end":{"line":316,"column":90}},"138":{"start":{"line":317,"column":12},"end":{"line":317,"column":37}},"139":{"start":{"line":318,"column":12},"end":{"line":318,"column":39}},"140":{"start":{"line":322,"column":6},"end":{"line":322,"column":58}},"141":{"start":{"line":325,"column":4},"end":{"line":325,"column":58}},"142":{"start":{"line":326,"column":4},"end":{"line":326,"column":41}},"143":{"start":{"line":330,"column":2},"end":{"line":334,"column":4}},"144":{"start":{"line":331,"column":4},"end":{"line":333,"column":36}},"145":{"start":{"line":337,"column":2},"end":{"line":362,"column":4}},"146":{"start":{"line":338,"column":4},"end":{"line":338,"column":20}},"147":{"start":{"line":340,"column":4},"end":{"line":340,"column":54}},"148":{"start":{"line":341,"column":4},"end":{"line":341,"column":55}},"149":{"start":{"line":342,"column":4},"end":{"line":342,"column":149}},"150":{"start":{"line":343,"column":4},"end":{"line":343,"column":150}},"151":{"start":{"line":345,"column":4},"end":{"line":350,"column":5}},"152":{"start":{"line":346,"column":6},"end":{"line":346,"column":63}},"153":{"start":{"line":347,"column":6},"end":{"line":347,"column":60}},"154":{"start":{"line":348,"column":6},"end":{"line":348,"column":60}},"155":{"start":{"line":349,"column":6},"end":{"line":349,"column":23}},"156":{"start":{"line":352,"column":4},"end":{"line":361,"column":5}},"157":{"start":{"line":353,"column":6},"end":{"line":358,"column":9}},"158":{"start":{"line":357,"column":8},"end":{"line":357,"column":21}},"159":{"start":{"line":360,"column":6},"end":{"line":360,"column":19}},"160":{"start":{"line":365,"column":2},"end":{"line":373,"column":4}},"161":{"start":{"line":366,"column":4},"end":{"line":366,"column":56}},"162":{"start":{"line":367,"column":4},"end":{"line":367,"column":76}},"163":{"start":{"line":369,"column":4},"end":{"line":369,"column":21}},"164":{"start":{"line":370,"column":4},"end":{"line":370,"column":25}},"165":{"start":{"line":371,"column":4},"end":{"line":371,"column":36}},"166":{"start":{"line":372,"column":4},"end":{"line":372,"column":29}},"167":{"start":{"line":376,"column":2},"end":{"line":409,"column":4}},"168":{"start":{"line":380,"column":4},"end":{"line":380,"column":30}},"169":{"start":{"line":381,"column":4},"end":{"line":384,"column":18}},"170":{"start":{"line":382,"column":6},"end":{"line":382,"column":41}},"171":{"start":{"line":383,"column":6},"end":{"line":383,"column":80}},"172":{"start":{"line":386,"column":4},"end":{"line":386,"column":42}},"173":{"start":{"line":388,"column":4},"end":{"line":408,"column":5}},"174":{"start":{"line":389,"column":6},"end":{"line":407,"column":7}},"175":{"start":{"line":390,"column":8},"end":{"line":392,"column":9}},"176":{"start":{"line":391,"column":10},"end":{"line":391,"column":72}},"177":{"start":{"line":393,"column":8},"end":{"line":393,"column":57}},"178":{"start":{"line":395,"column":8},"end":{"line":400,"column":9}},"179":{"start":{"line":396,"column":10},"end":{"line":396,"column":49}},"180":{"start":{"line":397,"column":10},"end":{"line":399,"column":11}},"181":{"start":{"line":398,"column":12},"end":{"line":398,"column":64}},"182":{"start":{"line":401,"column":8},"end":{"line":406,"column":9}},"183":{"start":{"line":402,"column":10},"end":{"line":402,"column":49}},"184":{"start":{"line":403,"column":10},"end":{"line":405,"column":11}},"185":{"start":{"line":404,"column":12},"end":{"line":404,"column":64}},"186":{"start":{"line":412,"column":2},"end":{"line":447,"column":4}},"187":{"start":{"line":413,"column":4},"end":{"line":413,"column":20}},"188":{"start":{"line":417,"column":4},"end":{"line":433,"column":5}},"189":{"start":{"line":419,"column":6},"end":{"line":419,"column":56}},"190":{"start":{"line":420,"column":6},"end":{"line":424,"column":7}},"191":{"start":{"line":421,"column":8},"end":{"line":421,"column":64}},"192":{"start":{"line":423,"column":8},"end":{"line":423,"column":64}},"193":{"start":{"line":425,"column":6},"end":{"line":432,"column":11}},"194":{"start":{"line":427,"column":10},"end":{"line":431,"column":11}},"195":{"start":{"line":428,"column":12},"end":{"line":428,"column":70}},"196":{"start":{"line":430,"column":12},"end":{"line":430,"column":49}},"197":{"start":{"line":435,"column":4},"end":{"line":440,"column":5}},"198":{"start":{"line":436,"column":6},"end":{"line":436,"column":90}},"199":{"start":{"line":437,"column":6},"end":{"line":437,"column":71}},"200":{"start":{"line":439,"column":6},"end":{"line":439,"column":47}},"201":{"start":{"line":442,"column":4},"end":{"line":442,"column":50}},"202":{"start":{"line":444,"column":4},"end":{"line":446,"column":7}},"203":{"start":{"line":445,"column":6},"end":{"line":445,"column":32}},"204":{"start":{"line":450,"column":2},"end":{"line":459,"column":4}},"205":{"start":{"line":451,"column":4},"end":{"line":454,"column":5}},"206":{"start":{"line":452,"column":6},"end":{"line":452,"column":36}},"207":{"start":{"line":453,"column":6},"end":{"line":453,"column":68}},"208":{"start":{"line":455,"column":4},"end":{"line":458,"column":5}},"209":{"start":{"line":456,"column":6},"end":{"line":456,"column":36}},"210":{"start":{"line":457,"column":6},"end":{"line":457,"column":68}},"211":{"start":{"line":461,"column":2},"end":{"line":463,"column":4}},"212":{"start":{"line":462,"column":4},"end":{"line":462,"column":73}},"213":{"start":{"line":465,"column":2},"end":{"line":467,"column":4}},"214":{"start":{"line":466,"column":4},"end":{"line":466,"column":33}},"215":{"start":{"line":469,"column":2},"end":{"line":491,"column":4}},"216":{"start":{"line":470,"column":4},"end":{"line":470,"column":32}},"217":{"start":{"line":471,"column":4},"end":{"line":471,"column":32}},"218":{"start":{"line":472,"column":4},"end":{"line":472,"column":32}},"219":{"start":{"line":474,"column":4},"end":{"line":474,"column":32}},"220":{"start":{"line":475,"column":4},"end":{"line":475,"column":61}},"221":{"start":{"line":476,"column":4},"end":{"line":490,"column":5}},"222":{"start":{"line":477,"column":6},"end":{"line":477,"column":17}},"223":{"start":{"line":478,"column":11},"end":{"line":490,"column":5}},"224":{"start":{"line":479,"column":6},"end":{"line":483,"column":7}},"225":{"start":{"line":480,"column":8},"end":{"line":480,"column":53}},"226":{"start":{"line":481,"column":13},"end":{"line":483,"column":7}},"227":{"start":{"line":482,"column":8},"end":{"line":482,"column":48}},"228":{"start":{"line":484,"column":11},"end":{"line":490,"column":5}},"229":{"start":{"line":485,"column":6},"end":{"line":489,"column":7}},"230":{"start":{"line":486,"column":8},"end":{"line":486,"column":53}},"231":{"start":{"line":487,"column":13},"end":{"line":489,"column":7}},"232":{"start":{"line":488,"column":8},"end":{"line":488,"column":28}},"233":{"start":{"line":494,"column":2},"end":{"line":505,"column":4}},"234":{"start":{"line":495,"column":4},"end":{"line":495,"column":30}},"235":{"start":{"line":496,"column":4},"end":{"line":496,"column":46}},"236":{"start":{"line":497,"column":4},"end":{"line":497,"column":54}},"237":{"start":{"line":498,"column":4},"end":{"line":498,"column":53}},"238":{"start":{"line":499,"column":4},"end":{"line":501,"column":7}},"239":{"start":{"line":502,"column":4},"end":{"line":504,"column":5}},"240":{"start":{"line":503,"column":6},"end":{"line":503,"column":52}},"241":{"start":{"line":507,"column":2},"end":{"line":507,"column":24}}},"branchMap":{"1":{"line":15,"type":"if","locations":[{"start":{"line":15,"column":4},"end":{"line":15,"column":4}},{"start":{"line":15,"column":4},"end":{"line":15,"column":4}}]},"2":{"line":15,"type":"binary-expr","locations":[{"start":{"line":15,"column":8},"end":{"line":15,"column":36}},{"start":{"line":15,"column":40},"end":{"line":15,"column":50}}]},"3":{"line":18,"type":"if","locations":[{"start":{"line":18,"column":11},"end":{"line":18,"column":11}},{"start":{"line":18,"column":11},"end":{"line":18,"column":11}}]},"4":{"line":128,"type":"if","locations":[{"start":{"line":128,"column":6},"end":{"line":128,"column":6}},{"start":{"line":128,"column":6},"end":{"line":128,"column":6}}]},"5":{"line":135,"type":"if","locations":[{"start":{"line":135,"column":6},"end":{"line":135,"column":6}},{"start":{"line":135,"column":6},"end":{"line":135,"column":6}}]},"6":{"line":142,"type":"if","locations":[{"start":{"line":142,"column":6},"end":{"line":142,"column":6}},{"start":{"line":142,"column":6},"end":{"line":142,"column":6}}]},"7":{"line":151,"type":"if","locations":[{"start":{"line":151,"column":6},"end":{"line":151,"column":6}},{"start":{"line":151,"column":6},"end":{"line":151,"column":6}}]},"8":{"line":173,"type":"if","locations":[{"start":{"line":173,"column":6},"end":{"line":173,"column":6}},{"start":{"line":173,"column":6},"end":{"line":173,"column":6}}]},"9":{"line":210,"type":"binary-expr","locations":[{"start":{"line":210,"column":15},"end":{"line":210,"column":39}},{"start":{"line":210,"column":43},"end":{"line":210,"column":62}}]},"10":{"line":218,"type":"if","locations":[{"start":{"line":218,"column":4},"end":{"line":218,"column":4}},{"start":{"line":218,"column":4},"end":{"line":218,"column":4}}]},"11":{"line":222,"type":"if","locations":[{"start":{"line":222,"column":8},"end":{"line":222,"column":8}},{"start":{"line":222,"column":8},"end":{"line":222,"column":8}}]},"12":{"line":227,"type":"if","locations":[{"start":{"line":227,"column":6},"end":{"line":227,"column":6}},{"start":{"line":227,"column":6},"end":{"line":227,"column":6}}]},"13":{"line":235,"type":"if","locations":[{"start":{"line":235,"column":10},"end":{"line":235,"column":10}},{"start":{"line":235,"column":10},"end":{"line":235,"column":10}}]},"14":{"line":251,"type":"if","locations":[{"start":{"line":251,"column":4},"end":{"line":251,"column":4}},{"start":{"line":251,"column":4},"end":{"line":251,"column":4}}]},"15":{"line":290,"type":"if","locations":[{"start":{"line":290,"column":6},"end":{"line":290,"column":6}},{"start":{"line":290,"column":6},"end":{"line":290,"column":6}}]},"16":{"line":300,"type":"if","locations":[{"start":{"line":300,"column":8},"end":{"line":300,"column":8}},{"start":{"line":300,"column":8},"end":{"line":300,"column":8}}]},"17":{"line":300,"type":"binary-expr","locations":[{"start":{"line":300,"column":12},"end":{"line":300,"column":33}},{"start":{"line":300,"column":37},"end":{"line":300,"column":74}}]},"18":{"line":303,"type":"if","locations":[{"start":{"line":303,"column":8},"end":{"line":303,"column":8}},{"start":{"line":303,"column":8},"end":{"line":303,"column":8}}]},"19":{"line":303,"type":"binary-expr","locations":[{"start":{"line":303,"column":12},"end":{"line":303,"column":34}},{"start":{"line":303,"column":38},"end":{"line":303,"column":76}}]},"20":{"line":308,"type":"if","locations":[{"start":{"line":308,"column":8},"end":{"line":308,"column":8}},{"start":{"line":308,"column":8},"end":{"line":308,"column":8}}]},"21":{"line":308,"type":"binary-expr","locations":[{"start":{"line":308,"column":13},"end":{"line":308,"column":44}},{"start":{"line":308,"column":50},"end":{"line":308,"column":83}}]},"22":{"line":309,"type":"if","locations":[{"start":{"line":309,"column":10},"end":{"line":309,"column":10}},{"start":{"line":309,"column":10},"end":{"line":309,"column":10}}]},"23":{"line":352,"type":"if","locations":[{"start":{"line":352,"column":4},"end":{"line":352,"column":4}},{"start":{"line":352,"column":4},"end":{"line":352,"column":4}}]},"24":{"line":352,"type":"binary-expr","locations":[{"start":{"line":352,"column":8},"end":{"line":352,"column":29}},{"start":{"line":352,"column":33},"end":{"line":352,"column":56}}]},"25":{"line":383,"type":"cond-expr","locations":[{"start":{"line":383,"column":67},"end":{"line":383,"column":71}},{"start":{"line":383,"column":74},"end":{"line":383,"column":79}}]},"26":{"line":388,"type":"if","locations":[{"start":{"line":388,"column":4},"end":{"line":388,"column":4}},{"start":{"line":388,"column":4},"end":{"line":388,"column":4}}]},"27":{"line":389,"type":"if","locations":[{"start":{"line":389,"column":6},"end":{"line":389,"column":6}},{"start":{"line":389,"column":6},"end":{"line":389,"column":6}}]},"28":{"line":390,"type":"if","locations":[{"start":{"line":390,"column":8},"end":{"line":390,"column":8}},{"start":{"line":390,"column":8},"end":{"line":390,"column":8}}]},"29":{"line":395,"type":"if","locations":[{"start":{"line":395,"column":8},"end":{"line":395,"column":8}},{"start":{"line":395,"column":8},"end":{"line":395,"column":8}}]},"30":{"line":397,"type":"if","locations":[{"start":{"line":397,"column":10},"end":{"line":397,"column":10}},{"start":{"line":397,"column":10},"end":{"line":397,"column":10}}]},"31":{"line":401,"type":"if","locations":[{"start":{"line":401,"column":8},"end":{"line":401,"column":8}},{"start":{"line":401,"column":8},"end":{"line":401,"column":8}}]},"32":{"line":403,"type":"if","locations":[{"start":{"line":403,"column":10},"end":{"line":403,"column":10}},{"start":{"line":403,"column":10},"end":{"line":403,"column":10}}]},"33":{"line":417,"type":"if","locations":[{"start":{"line":417,"column":4},"end":{"line":417,"column":4}},{"start":{"line":417,"column":4},"end":{"line":417,"column":4}}]},"34":{"line":417,"type":"binary-expr","locations":[{"start":{"line":417,"column":8},"end":{"line":417,"column":71}},{"start":{"line":418,"column":6},"end":{"line":418,"column":53}}]},"35":{"line":420,"type":"if","locations":[{"start
[...]
// http://lokeshdhakar.com/projects/lightbox2/index.html#options","  Lightbox.defaults = {","    albumLabel: 'Image %1 of %2',","    alwaysShowNavOnTouchDevices: false,","    fadeDuration: 600,","    fitImagesInViewport: true,","    imageFadeDuration: 600,","    // maxWidth: 800,","    // maxHeight: 600,","    positionFromTop: 50,","    resizeDuration: 700,","    showImageNumberLabel: true,","    wrapAround: false,","    disableScrolling: false,","    /*","    Sanitize Title","    If the caption data is trusted, for example you are hardcoding it in, then leave this to false.","    This will free you to add html tags, such as links, in the caption.","","    If the caption data is user submitted or from some other untrusted source, then set this to true","    to prevent xss and other injection attacks.","     */","    sanitizeTitle: false","  };","","  Lightbox.prototype.option = function(options) {","    $.extend(this.options, options);","  };","","  Lightbox.prototype.imageCountLabel = function(currentImageNum, totalImages) {","    return this.options.albumLabel.replace(/%1/g, currentImageNum).replace(/%2/g, totalImages);","  };","","  Lightbox.prototype.init = function() {","    var self = this;","    // Both enable and build methods require the body tag to be in the DOM.","    $(document).ready(function() {","      self.enable();","      self.build();","    });","  };","","  // Loop through anchors and areamaps looking for either data-lightbox attributes or rel attributes","  // that contain 'lightbox'. When these are clicked, start lightbox.","  Lightbox.prototype.enable = function() {","    var self = this;","    $('body').on('click', 'a[rel^=lightbox], area[rel^=lightbox], a[data-lightbox], area[data-lightbox]', function(event) {","      self.start($(event.currentTarget));","      return false;","    });","  };","","  // Build html for the lightbox and the overlay.","  // Attach event handlers to the new DOM elements. click click click","  Lightbox.prototype.build = function() {","    var self = this;","    $('<div id=\"lightboxOverlay\" class=\"lightboxOverlay\"></div><div id=\"lightbox\" class=\"lightbox\"><div class=\"lb-outerContainer\"><div class=\"lb-container\"><img class=\"lb-image\" src=\"data:image/gif;base64,R0lGODlhAQABAIAAAP///wAAACH5BAEAAAAALAAAAAABAAEAAAICRAEAOw==\" /><div class=\"lb-nav\"><a class=\"lb-prev\" href=\"\" ></a><a class=\"lb-next\" href=\"\" ></a></div><div class=\"lb-loader\"><a class=\"lb-cancel\"></a></div></div></div><div class=\"lb-dataContainer\"><div class=\"lb-data\"><div class=\"lb-details\"><span class=\"lb-caption\"></span><span class=\"lb-number\"></span></div><div class=\"lb-closeContainer\"><a class=\"lb-close\"></a></div></div></div></div>').appendTo($('body'));","","    // Cache jQuery objects","    this.$lightbox       = $('#lightbox');","    this.$overlay        = $('#lightboxOverlay');","    this.$outerContainer = this.$lightbox.find('.lb-outerContainer');","    this.$container      = this.$lightbox.find('.lb-container');","    this.$image          = this.$lightbox.find('.lb-image');","    this.$nav            = this.$lightbox.find('.lb-nav');","","    // Store css values for future lookup","    this.containerPadding = {","      top: parseInt(this.$container.css('padding-top'), 10),","      right: parseInt(this.$container.css('padding-right'), 10),","      bottom: parseInt(this.$container.css('padding-bottom'), 10),","      left: parseInt(this.$container.css('padding-left'), 10)","    };","","    this.imageBorderWidth = {","      top: parseInt(this.$image.css('border-top-width'), 10),","      right: parseInt(this.$image.css('border-right-width'), 10),","      bottom: parseInt(this.$image.css('border-bottom-width'), 10),","      left: parseInt(this.$image.css('border-left-width'), 10)","    };","","    // Attach event handlers to the newly minted DOM elements","    this.$overlay.hide().on('click', function() {","      self.end();","      return false;","    });","","    this.$lightbox.hide().on('click', function(event) {","      if ($(event.target).attr('id') === 'lightbox') {","        self.end();","      }","      return false;","    });","","    this.$outerContainer.on('click', function(event) {","      if ($(event.target).attr('id') === 'lightbox') {","        self.end();","      }","      return false;","    });","","    this.$lightbox.find('.lb-prev').on('click', function() {","      if (self.currentImageIndex === 0) {","        self.changeImage(self.album.length - 1);","      } else {","        self.changeImage(self.currentImageIndex - 1);","      }","      return false;","    });","","    this.$lightbox.find('.lb-next').on('click', function() {","      if (self.currentImageIndex === self.album.length - 1) {","        self.changeImage(0);","      } else {","        self.changeImage(self.currentImageIndex + 1);","      }","      return false;","    });","","    /*","      Show context menu for image on right-click","","      There is a div containing the navigation that spans the entire image and lives above of it. If","      you right-click, you are right clicking this div and not the image. This prevents users from","      saving the image or using other context menu actions with the image.","","      To fix this, when we detect the right mouse button is pressed down, but not yet clicked, we","      set pointer-events to none on the nav div. This is so that the upcoming right-click event on","      the next mouseup will bubble down to the image. Once the right-click/contextmenu event occurs","      we set the pointer events back to auto for the nav div so it can capture hover and left-click","      events as usual.","     */","    this.$nav.on('mousedown', function(event) {","      if (event.which === 3) {","        self.$nav.css('pointer-events', 'none');","","        self.$lightbox.one('contextmenu', function() {","          setTimeout(function() {","              this.$nav.css('pointer-events', 'auto');","          }.bind(self), 0);","        });","      }","    });","","","    this.$lightbox.find('.lb-loader, .lb-close').on('click', function() {","      self.end();","      return false;","    });","  };","","  // Show overlay and lightbox. If the image is part of a set, add siblings to album array.","  Lightbox.prototype.start = function($link) {","    var self    = this;","    var $window = $(window);","","    $window.on('resize', $.proxy(this.sizeOverlay, this));","","    $('select, object, embed').css({","      visibility: 'hidden'","    });","","    this.sizeOverlay();","","    this.album = [];","    var imageNumber = 0;","","    function addToAlbum($link) {","      self.album.push({","        link: $link.attr('href'),","        title: $link.attr('data-title') || $link.attr('title')","      });","    }","","    // Support both data-lightbox attribute and rel attribute implementations","    var dataLightboxValue = $link.attr('data-lightbox');","    var $links;","","    if (dataLightboxValue) {","      $links = $($link.prop('tagName') + '[data-lightbox=\"' + dataLightboxValue + '\"]');","      for (var i = 0; i < $links.length; i = ++i) {","        addToAlbum($($links[i]));","        if ($links[i] === $link[0]) {","          imageNumber = i;","        }","      }","    } else {","      if ($link.attr('rel') === 'lightbox') {","        // If image is not part of a set","        addToAlbum($link);","      } else {","        // If image is part of a set","        $links = $($link.prop('tagName') + '[rel=\"' + $link.attr('rel') + '\"]');","        for (var j = 0; j < $links.length; j = ++j) {","          addToAlbum($($links[j]));","          if ($links[j] === $link[0]) {","            imageNumber = j;","          }","        }","      }","    }","","    // Position Lightbox","    var top  = $window.scrollTop() + this.options.positionFromTop;","    var left = $window.scrollLeft();","    this.$lightbox.css({","      top: top + 'px',","      left: left + 'px'","    }).fadeIn(this.options.fadeDuration);","","    // Disable scrolling of the page while open","    if (this.options.disableScrolling) {","      $('body').addClass('lb-disable-scrolling');","    }","","    this.changeImage(imageNumber);","  };","","  // Hide most UI elements in preparation for the animated resizing of the lightbox.","  Lightbox.prototype.changeImage = function(imageNumber) {","    var self = this;","","    this.disableKeyboardNav();","    var $image = this.$lightbox.find('.lb-image');","","    this.$overlay.fadeIn(this.options.fadeDuration);","","    $('.lb-loader').fadeIn('slow');","    this.$lightbox.find('.lb-image, .lb-nav, .lb-prev, .lb-next, .lb-dataContainer, .lb-numbers, .lb-caption').hide();","","    this.$outerContainer.addClass('animating');","","    // When image to show is preloaded, we send the width and height to sizeContainer()","    var preloader = new Image();","    preloader.onload = function() {","      var $preloader;","      var imageHeight;","      var imageWidth;","      var maxImageHeight;","      var maxImageWidth;","      var windowHeight;","      var windowWidth;","","      $image.attr('src', self.album[imageNumber].link);","","      $preloader = $(preloader);","","      $image.width(preloader.width);","      $image.height(preloader.height);","","      if (self.options.fitImagesInViewport) {","        // Fit image inside the viewport.","        // Take into account the border around the image and an additional 10px gutter on each side.","","        windowWidth    = $(window).width();","        windowHeight   = $(window).height();","        maxImageWidth  = windowWidth - self.containerPadding.left - self.containerPadding.right - self.imageBorderWidth.left - self.imageBorderWidth.right - 20;","        maxImageHeight = windowHeight - self.containerPadding.top - self.containerPadding.bottom - self.imageBorderWidth.top - self.imageBorderWidth.bottom - 120;","","        // Check if image size is larger then maxWidth|maxHeight in settings","        if (self.options.maxWidth && self.options.maxWidth < maxImageWidth) {","          maxImageWidth = self.options.maxWidth;","        }","        if (self.options.maxHeight && self.options.maxHeight < maxImageWidth) {","          maxImageHeight = self.options.maxHeight;","        }","","        // Is the current image's width or height is greater than the maxImageWidth or maxImageHeight","        // option than we need to size down while maintaining the aspect ratio.","        if ((preloader.width > maxImageWidth) || (preloader.height > maxImageHeight)) {","          if ((preloader.width / maxImageWidth) > (preloader.height / maxImageHeight)) {","            imageWidth  = maxImageWidth;","            imageHeight = parseInt(preloader.height / (preloader.width / imageWidth), 10);","            $image.width(imageWidth);","            $image.height(imageHeight);","          } else {","            imageHeight = maxImageHeight;","            imageWidth = parseInt(preloader.width / (preloader.height / imageHeight), 10);","            $image.width(imageWidth);","            $image.height(imageHeight);","          }","        }","      }","      self.sizeContainer($image.width(), $image.height());","    };","","    preloader.src          = this.album[imageNumber].link;","    this.currentImageIndex = imageNumber;","  };","","  // Stretch overlay to fit the viewport","  Lightbox.prototype.sizeOverlay = function() {","    this.$overlay","      .width($(document).width())","      .height($(document).height());","  };","","  // Animate the size of the lightbox to fit the image we are showing","  Lightbox.prototype.sizeContainer = function(imageWidth, imageHeight) {","    var self = this;","","    var oldWidth  = this.$outerContainer.outerWidth();","    var oldHeight = this.$outerContainer.outerHeight();","    var newWidth  = imageWidth + this.containerPadding.left + this.containerPadding.right + this.imageBorderWidth.left + this.imageBorderWidth.right;","    var newHeight = imageHeight + this.containerPadding.top + this.containerPadding.bottom + this.imageBorderWidth.top + this.imageBorderWidth.bottom;","","    function postResize() {","      self.$lightbox.find('.lb-dataContainer').width(newWidth);","      self.$lightbox.find('.lb-prevLink').height(newHeight);","      self.$lightbox.find('.lb-nextLink').height(newHeight);","      self.showImage();","    }","","    if (oldWidth !== newWidth || oldHeight !== newHeight) {","      this.$outerContainer.animate({","        width: newWidth,","        height: newHeight","      }, this.options.resizeDuration, 'swing', function() {","        postResize();","      });","    } else {","      postResize();","    }","  };","","  // Display the image and its details and begin preload neighboring images.","  Lightbox.prototype.showImage = function() {","    this.$lightbox.find('.lb-loader').stop(true).hide();","    this.$lightbox.find('.lb-image').fadeIn(this.options.imageFadeDuration);","","    this.updateNav();","    this.updateDetails();","    this.preloadNeighboringImages();","    this.enableKeyboardNav();","  };","","  // Display previous and next navigation if appropriate.","  Lightbox.prototype.updateNav = function() {","    // Check to see if the browser supports touch events. If so, we take the conservative approach","    // and assume that mouse hover events are not supported and always show prev/next navigation","    // arrows in image sets.","    var alwaysShowNav = false;","    try {","      document.createEvent('TouchEvent');","      alwaysShowNav = (this.options.alwaysShowNavOnTouchDevices) ? true : false;","    } catch (e) {}","","    this.$lightbox.find('.lb-nav').show();","","    if (this.album.length > 1) {","      if (this.options.wrapAround) {","        if (alwaysShowNav) {","          this.$lightbox.find('.lb-prev, .lb-next').css('opacity', '1');","        }","        this.$lightbox.find('.lb-prev, .lb-next').show();","      } else {","        if (this.currentImageIndex > 0) {","          this.$lightbox.find('.lb-prev').show();","          if (alwaysShowNav) {","            this.$lightbox.find('.lb-prev').css('opacity', '1');","          }","        }","        if (this.currentImageIndex < this.album.length - 1) {","          this.$lightbox.find('.lb-next').show();","          if (alwaysShowNav) {","            this.$lightbox.find('.lb-next').css('opacity', '1');","          }","        }","      }","    }","  };","","  // Display caption, image number, and closing button.","  Lightbox.prototype.updateDetails = function() {","    var self = this;","","    // Enable anchor clicks in the injected caption html.","    // Thanks Nate Wright for the fix. @https://github.com/NateWr","    if (typeof this.album[this.currentImageIndex].title !== 'undefined' &&","      this.album[this.currentImageIndex].title !== '') {","      var $caption = this.$lightbox.find('.lb-caption');","      if (this.options.sanitizeTitle) {","        $caption.text(this.album[this.currentImageIndex].title);","      } else {","        $caption.html(this.album[this.currentImageIndex].title);","      }","      $caption.fadeIn('fast')","        .find('a').on('click', function(event) {","          if ($(this).attr('target') !== undefined) {","            window.open($(this).attr('href'), $(this).attr('target'));","          } else {","            location.href = $(this).attr('href');","          }","        });","    }","","    if (this.album.length > 1 && this.options.showImageNumberLabel) {","      var labelText = this.imageCountLabel(this.currentImageIndex + 1, this.album.length);","      this.$lightbox.find('.lb-number').text(labelText).fadeIn('fast');","    } else {","      this.$lightbox.find('.lb-number').hide();","    }","","    this.$outerContainer.removeClass('animating');","","    this.$lightbox.find('.lb-dataContainer').fadeIn(this.options.resizeDuration, function() {","      return self.sizeOverlay();","    });","  };","","  // Preload previous and next images in set.","  Lightbox.prototype.preloadNeighboringImages = function() {","    if (this.album.length > this.currentImageIndex + 1) {","      var preloadNext = new Image();","      preloadNext.src = this.album[this.currentImageIndex + 1].link;","    }","    if (this.currentImageIndex > 0) {","      var preloadPrev = new Image();","      preloadPrev.src = this.album[this.currentImageIndex - 1].link;","    }","  };","","  Lightbox.prototype.enableKeyboardNav = function() {","    $(document).on('keyup.keyboard', $.proxy(this.keyboardAction, this));","  };","","  Lightbox.prototype.disableKeyboardNav = function() {","    $(document).off('.keyboard');","  };","","  Lightbox.prototype.keyboardAction = function(event) {","    var KEYCODE_ESC        = 27;","    var KEYCODE_LEFTARROW  = 37;","    var KEYCODE_RIGHTARROW = 39;","","    var keycode = event.keyCode;","    var key     = String.fromCharCode(keycode).toLowerCase();","    if (keycode === KEYCODE_ESC || key.match(/x|o|c/)) {","      this.end();","    } else if (key === 'p' || keycode === KEYCODE_LEFTARROW) {","      if (this.currentImageIndex !== 0) {","        this.changeImage(this.currentImageIndex - 1);","      } else if (this.options.wrapAround && this.album.length > 1) {","        this.changeImage(this.album.length - 1);","      }","    } else if (key === 'n' || keycode === KEYCODE_RIGHTARROW) {","      if (this.currentImageIndex !== this.album.length - 1) {","        this.changeImage(this.currentImageIndex + 1);","      } else if (this.options.wrapAround && this.album.length > 1) {","        this.changeImage(0);","      }","    }","  };","","  // Closing time. :-(","  Lightbox.prototype.end = function() {","    this.disableKeyboardNav();","    $(window).off('resize', this.sizeOverlay);","    this.$lightbox.fadeOut(this.options.fadeDuration);","    this.$overlay.fadeOut(this.options.fadeDuration);","    $('select, object, embed').css({","      visibility: 'visible'","    });","    if (this.options.disableScrolling) {","      $('body').removeClass('lb-disable-scrolling');","    }","  };","","  return new Lightbox();","}));",""],"l":{"16":2,"17":2,"19":0,"20":2,"24":2,"27":0,"31":1,"32":0,"33":0,"34":0,"37":0,"38":0,"43":0,"67":0,"68":0,"71":0,"72":0,"75":0,"76":0,"78":0,"79":0,"80":0,"86":0,"87":0,"88":0,"89":0,"90":0,"96":0,"97":0,"98":0,"101":0,"102":0,"103":0,"104":0,"105":0,"106":0,"109":0,"116":0,"124":0,"125":0,"126":0,"129":0,"130":0,"131":0,"133":0,"136":0,"137":0,"138":0,"140":0,"143":0,"144":0,"145":0,"147":0,"149":0,"152":0,"153":0,"154":0,"156":0,"158":0,"174":0,"175":0,"176":0,"178":0,"179":0,"180":0,"187":0,"188":0,"189":0,"194":0,"195":0,"196":0,"198":0,"200":0,"204":0,"206":0,"207":0,"209":1,"210":0,"217":0,"218":0,"220":0,"221":0,"222":0,"223":0,"224":0,"225":0,"229":0,"231":0,"234":0,"235":0,"236":0,"237":0,"238":0,"245":0,"246":0,"247":0,"253":0,"254":0,"257":0,"261":0,"262":0,"264":0,"265":0,"267":0,"269":0,"270":0,"272":0,"275":0,"276":0,"277":0,"278":0,"279":0,"280":0,"281":0,"282":0,"283":0,"285":0,"287":0,"289":0,"290":0,"292":0,"296":0,"297":0,"298":0,"299":0,"302":0,"303":0,"305":0,"306":0,"311":0,"312":0,"313":0,"314":0,"315":0,"316":0,"318":0,"319":0,"320":0,"321":0,"325":0,"328":0,"329":0,"333":0,"334":0,"340":0,"341":0,"343":0,"344":0,"345":0,"346":0,"348":1,"349":0,"350":0,"351":0,"352":0,"355":0,"356":0,"360":0,"363":0,"368":0,"369":0,"370":0,"372":0,"373":0,"374":0,"375":0,"379":0,"383":0,"384":0,"385":0,"386":0,"389":0,"391":0,"392":0,"393":0,"394":0,"396":0,"398":0,"399":0,"400":0,"401":0,"404":0,"405":0,"406":0,"407":0,"415":0,"416":0,"420":0,"422":0,"423":0,"424":0,"426":0,"428":0,"430":0,"431":0,"433":0,"438":0,"439":0,"440":0,"442":0,"445":0,"447":0,"448":0,"453":0,"454":0,"455":0,"456":0,"458":0,"459":0,"460":0,"464":0,"465":0,"468":0,"469":0,"472":0,"473":0,"474":0,"475":0,"477":0,"478":0,"479":0,"480":0,"481":0,"482":0,"483":0,"484":0,"485":0,"487":0,"488":0,"489":0,"490":0,"491":0,"497":0,"498":0,"499":0,"500":0,"501":0,"502":0,"505":0,"506":0,"510":0}}}